
./target/riscv64gc-unknown-none-elf/release/sel4:     file format elf64-littleriscv


Disassembly of section .text:

0000000080200000 <rust_main>:
    80200000:	7139                	addi	sp,sp,-64
    80200002:	fc06                	sd	ra,56(sp)
    80200004:	f822                	sd	s0,48(sp)
    80200006:	0080                	addi	s0,sp,64

0000000080200008 <.LBB5_1>:
    80200008:	00001517          	auipc	a0,0x1
    8020000c:	4d850513          	addi	a0,a0,1240 # 802014e0 <.Lanon.3a92d63ae4eafb88abfdc41dd7af1e70.9>
    80200010:	fca43823          	sd	a0,-48(s0)
    80200014:	4505                	li	a0,1
    80200016:	fca43c23          	sd	a0,-40(s0)
    8020001a:	fc043023          	sd	zero,-64(s0)

000000008020001e <.LBB5_2>:
    8020001e:	00001517          	auipc	a0,0x1
    80200022:	4aa50513          	addi	a0,a0,1194 # 802014c8 <.Lanon.3a92d63ae4eafb88abfdc41dd7af1e70.8>
    80200026:	fea43023          	sd	a0,-32(s0)
    8020002a:	fe043423          	sd	zero,-24(s0)
    8020002e:	fc040513          	addi	a0,s0,-64
    80200032:	00000097          	auipc	ra,0x0
    80200036:	400080e7          	jalr	1024(ra) # 80200432 <_ZN4sel47console5print17hac8e0d72989ef035E>
    8020003a:	00000097          	auipc	ra,0x0
    8020003e:	132080e7          	jalr	306(ra) # 8020016c <_ZN4sel46kernel6vspace7pt_init17haa10305f5fea8ca7E>
    80200042:	00000097          	auipc	ra,0x0
    80200046:	0ac080e7          	jalr	172(ra) # 802000ee <_ZN4sel46kernel6vspace17map_kernel_window17h77fa3b31719dc57eE>
    8020004a:	00000097          	auipc	ra,0x0
    8020004e:	044080e7          	jalr	68(ra) # 8020008e <_ZN4sel43sbi8shutdown17h66331878ed4ddfbbE>
	...

Disassembly of section .text._ZN44_$LT$$RF$T$u20$as$u20$core..fmt..Display$GT$3fmt17hc83fb63968e07dbeE:

0000000080200054 <_ZN44_$LT$$RF$T$u20$as$u20$core..fmt..Display$GT$3fmt17hc83fb63968e07dbeE>:
    80200054:	1141                	addi	sp,sp,-16
    80200056:	e406                	sd	ra,8(sp)
    80200058:	e022                	sd	s0,0(sp)
    8020005a:	0800                	addi	s0,sp,16
    8020005c:	6108                	ld	a0,0(a0)
    8020005e:	60a2                	ld	ra,8(sp)
    80200060:	6402                	ld	s0,0(sp)
    80200062:	0141                	addi	sp,sp,16
    80200064:	00000317          	auipc	t1,0x0
    80200068:	76a30067          	jr	1898(t1) # 802007ce <_ZN59_$LT$core..fmt..Arguments$u20$as$u20$core..fmt..Display$GT$3fmt17h14b26a2a8d914ef0E>

Disassembly of section .text._ZN44_$LT$$RF$T$u20$as$u20$core..fmt..Display$GT$3fmt17he9e9b4aa0ef791bdE:

000000008020006c <_ZN44_$LT$$RF$T$u20$as$u20$core..fmt..Display$GT$3fmt17he9e9b4aa0ef791bdE>:
    8020006c:	1141                	addi	sp,sp,-16
    8020006e:	e406                	sd	ra,8(sp)
    80200070:	e022                	sd	s0,0(sp)
    80200072:	0800                	addi	s0,sp,16
    80200074:	6110                	ld	a2,0(a0)
    80200076:	6514                	ld	a3,8(a0)
    80200078:	872e                	mv	a4,a1
    8020007a:	8532                	mv	a0,a2
    8020007c:	85b6                	mv	a1,a3
    8020007e:	863a                	mv	a2,a4
    80200080:	60a2                	ld	ra,8(sp)
    80200082:	6402                	ld	s0,0(sp)
    80200084:	0141                	addi	sp,sp,16
    80200086:	00001317          	auipc	t1,0x1
    8020008a:	dce30067          	jr	-562(t1) # 80200e54 <_ZN42_$LT$str$u20$as$u20$core..fmt..Display$GT$3fmt17h8884fddb1f24a834E>

Disassembly of section .text._ZN4sel43sbi8shutdown17h66331878ed4ddfbbE:

000000008020008e <_ZN4sel43sbi8shutdown17h66331878ed4ddfbbE>:
    8020008e:	7139                	addi	sp,sp,-64
    80200090:	fc06                	sd	ra,56(sp)
    80200092:	f822                	sd	s0,48(sp)
    80200094:	0080                	addi	s0,sp,64
    80200096:	48a1                	li	a7,8
    80200098:	4501                	li	a0,0
    8020009a:	4581                	li	a1,0
    8020009c:	4601                	li	a2,0
    8020009e:	00000073          	ecall

00000000802000a2 <.LBB2_1>:
    802000a2:	00001517          	auipc	a0,0x1
    802000a6:	3ee50513          	addi	a0,a0,1006 # 80201490 <anon.80fe6b9d78d729106af919ba2ad7f04e.2.llvm.10845477674038062822>
    802000aa:	fca43823          	sd	a0,-48(s0)
    802000ae:	4505                	li	a0,1
    802000b0:	fca43c23          	sd	a0,-40(s0)
    802000b4:	fc043023          	sd	zero,-64(s0)

00000000802000b8 <.LBB2_2>:
    802000b8:	00001517          	auipc	a0,0x1
    802000bc:	3c050513          	addi	a0,a0,960 # 80201478 <anon.80fe6b9d78d729106af919ba2ad7f04e.1.llvm.10845477674038062822>
    802000c0:	fea43023          	sd	a0,-32(s0)
    802000c4:	fe043423          	sd	zero,-24(s0)

00000000802000c8 <.LBB2_3>:
    802000c8:	00001597          	auipc	a1,0x1
    802000cc:	3e858593          	addi	a1,a1,1000 # 802014b0 <anon.80fe6b9d78d729106af919ba2ad7f04e.4.llvm.10845477674038062822>
    802000d0:	fc040513          	addi	a0,s0,-64
    802000d4:	00000097          	auipc	ra,0x0
    802000d8:	654080e7          	jalr	1620(ra) # 80200728 <_ZN4core9panicking9panic_fmt17h09608ae52bd0d3adE>
	...

Disassembly of section .text.entry:

00000000802000de <_start>:
    802000de:	00013117          	auipc	sp,0x13
    802000e2:	f2210113          	addi	sp,sp,-222 # 80213000 <_ZN4sel46kernel6vspace21kernel_root_pageTable17h8e057a943ee21d1aE.llvm.9191843585743623635>
    802000e6:	00000097          	auipc	ra,0x0
    802000ea:	f1a080e7          	jalr	-230(ra) # 80200000 <rust_main>

Disassembly of section .text._ZN4sel46kernel6vspace17map_kernel_window17h77fa3b31719dc57eE:

00000000802000ee <_ZN4sel46kernel6vspace17map_kernel_window17h77fa3b31719dc57eE>:
    802000ee:	1141                	addi	sp,sp,-16
    802000f0:	e406                	sd	ra,8(sp)
    802000f2:	e022                	sd	s0,0(sp)
    802000f4:	0800                	addi	s0,sp,16

00000000802000f6 <.LBB2_5>:
    802000f6:	00013817          	auipc	a6,0x13
    802000fa:	f0a80813          	addi	a6,a6,-246 # 80213000 <_ZN4sel46kernel6vspace21kernel_root_pageTable17h8e057a943ee21d1aE.llvm.9191843585743623635>
    802000fe:	7ff80893          	addi	a7,a6,2047
    80200102:	00188613          	addi	a2,a7,1
    80200106:	0ef00693          	li	a3,239
    8020010a:	eff00513          	li	a0,-257
    8020010e:	01e51713          	slli	a4,a0,0x1e
    80200112:	400007b7          	lui	a5,0x40000
    80200116:	10000537          	lui	a0,0x10000
    8020011a:	55f5                	li	a1,-3
    8020011c:	05fa                	slli	a1,a1,0x1e
    8020011e:	e214                	sd	a3,0(a2)
    80200120:	973e                	add	a4,a4,a5
    80200122:	0621                	addi	a2,a2,8
    80200124:	96aa                	add	a3,a3,a0
    80200126:	feb76ce3          	bltu	a4,a1,8020011e <.LBB2_5+0x28>

000000008020012a <.LBB2_6>:
    8020012a:	00014617          	auipc	a2,0x14
    8020012e:	ed660613          	addi	a2,a2,-298 # 80214000 <_ZN4sel46kernel6vspace22kernel_image_level2_pt17h2d523b27565c3bc8E.llvm.9191843585743623635>
    80200132:	00265513          	srli	a0,a2,0x2
    80200136:	fff005b7          	lui	a1,0xfff00
    8020013a:	81a9                	srli	a1,a1,0xa
    8020013c:	8d6d                	and	a0,a0,a1
    8020013e:	02156513          	ori	a0,a0,33
    80200142:	00a8b8a3          	sd	a0,17(a7)
    80200146:	00a83823          	sd	a0,16(a6)
    8020014a:	20000513          	li	a0,512
    8020014e:	200005b7          	lui	a1,0x20000
    80200152:	0ef5859b          	addiw	a1,a1,239 # 200000ef <.Lline_table_start0+0x1ffd8ede>
    80200156:	000806b7          	lui	a3,0x80
    8020015a:	e20c                	sd	a1,0(a2)
    8020015c:	95b6                	add	a1,a1,a3
    8020015e:	157d                	addi	a0,a0,-1 # fffffff <.Lline_table_start0+0xffd8dee>
    80200160:	0621                	addi	a2,a2,8
    80200162:	fd65                	bnez	a0,8020015a <.LBB2_6+0x30>
    80200164:	60a2                	ld	ra,8(sp)
    80200166:	6402                	ld	s0,0(sp)
    80200168:	0141                	addi	sp,sp,16
    8020016a:	8082                	ret

Disassembly of section .text._ZN4sel46kernel6vspace7pt_init17haa10305f5fea8ca7E:

000000008020016c <_ZN4sel46kernel6vspace7pt_init17haa10305f5fea8ca7E>:
    8020016c:	1141                	addi	sp,sp,-16
    8020016e:	e406                	sd	ra,8(sp)
    80200170:	e022                	sd	s0,0(sp)
    80200172:	0800                	addi	s0,sp,16

0000000080200174 <.LBB3_5>:
    80200174:	00013817          	auipc	a6,0x13
    80200178:	e8c80813          	addi	a6,a6,-372 # 80213000 <_ZN4sel46kernel6vspace21kernel_root_pageTable17h8e057a943ee21d1aE.llvm.9191843585743623635>
    8020017c:	7ff80893          	addi	a7,a6,2047
    80200180:	00188613          	addi	a2,a7,1
    80200184:	0ef00693          	li	a3,239
    80200188:	eff00513          	li	a0,-257
    8020018c:	01e51713          	slli	a4,a0,0x1e
    80200190:	400007b7          	lui	a5,0x40000
    80200194:	10000537          	lui	a0,0x10000
    80200198:	55f5                	li	a1,-3
    8020019a:	05fa                	slli	a1,a1,0x1e
    8020019c:	e214                	sd	a3,0(a2)
    8020019e:	973e                	add	a4,a4,a5
    802001a0:	0621                	addi	a2,a2,8
    802001a2:	96aa                	add	a3,a3,a0
    802001a4:	feb76ce3          	bltu	a4,a1,8020019c <.LBB3_5+0x28>

00000000802001a8 <.LBB3_6>:
    802001a8:	00014617          	auipc	a2,0x14
    802001ac:	e5860613          	addi	a2,a2,-424 # 80214000 <_ZN4sel46kernel6vspace22kernel_image_level2_pt17h2d523b27565c3bc8E.llvm.9191843585743623635>
    802001b0:	00265513          	srli	a0,a2,0x2
    802001b4:	fff005b7          	lui	a1,0xfff00
    802001b8:	81a9                	srli	a1,a1,0xa
    802001ba:	8d6d                	and	a0,a0,a1
    802001bc:	02156513          	ori	a0,a0,33
    802001c0:	00a8b8a3          	sd	a0,17(a7)
    802001c4:	00a83823          	sd	a0,16(a6)
    802001c8:	20000593          	li	a1,512
    802001cc:	20000537          	lui	a0,0x20000
    802001d0:	0ef5051b          	addiw	a0,a0,239 # 200000ef <.Lline_table_start0+0x1ffd8ede>
    802001d4:	000806b7          	lui	a3,0x80
    802001d8:	e208                	sd	a0,0(a2)
    802001da:	9536                	add	a0,a0,a3
    802001dc:	15fd                	addi	a1,a1,-1 # ffffffffffefffff <_ZN4sel46kernel6vspace22kernel_image_level2_pt17h2d523b27565c3bc8E.llvm.9191843585743623635+0xffffffff7fcebfff>
    802001de:	0621                	addi	a2,a2,8
    802001e0:	fde5                	bnez	a1,802001d8 <.LBB3_6+0x30>
    802001e2:	00881513          	slli	a0,a6,0x8
    802001e6:	8151                	srli	a0,a0,0x14
    802001e8:	55fd                	li	a1,-1
    802001ea:	15fe                	slli	a1,a1,0x3f
    802001ec:	8d4d                	or	a0,a0,a1
    802001ee:	18051073          	csrw	satp,a0
    802001f2:	12000073          	sfence.vma
    802001f6:	12000073          	sfence.vma
    802001fa:	60a2                	ld	ra,8(sp)
    802001fc:	6402                	ld	s0,0(sp)
    802001fe:	0141                	addi	sp,sp,16
    80200200:	8082                	ret

Disassembly of section .text._ZN4core3ptr37drop_in_place$LT$core..fmt..Error$GT$17h8a07bd9b64186cfeE.llvm.15287564367216343018:

0000000080200202 <_ZN4core3ptr37drop_in_place$LT$core..fmt..Error$GT$17h8a07bd9b64186cfeE.llvm.15287564367216343018>:
    80200202:	1141                	addi	sp,sp,-16
    80200204:	e406                	sd	ra,8(sp)
    80200206:	e022                	sd	s0,0(sp)
    80200208:	0800                	addi	s0,sp,16
    8020020a:	60a2                	ld	ra,8(sp)
    8020020c:	6402                	ld	s0,0(sp)
    8020020e:	0141                	addi	sp,sp,16
    80200210:	8082                	ret

Disassembly of section .text._ZN50_$LT$$RF$mut$u20$W$u20$as$u20$core..fmt..Write$GT$10write_char17hf0d505868795947eE.llvm.15287564367216343018:

0000000080200212 <_ZN50_$LT$$RF$mut$u20$W$u20$as$u20$core..fmt..Write$GT$10write_char17hf0d505868795947eE.llvm.15287564367216343018>:
    80200212:	1101                	addi	sp,sp,-32
    80200214:	ec06                	sd	ra,24(sp)
    80200216:	e822                	sd	s0,16(sp)
    80200218:	1000                	addi	s0,sp,32
    8020021a:	0005851b          	sext.w	a0,a1
    8020021e:	08000613          	li	a2,128
    80200222:	fe042623          	sw	zero,-20(s0)
    80200226:	00c57663          	bgeu	a0,a2,80200232 <_ZN50_$LT$$RF$mut$u20$W$u20$as$u20$core..fmt..Write$GT$10write_char17hf0d505868795947eE.llvm.15287564367216343018+0x20>
    8020022a:	feb40623          	sb	a1,-20(s0)
    8020022e:	4505                	li	a0,1
    80200230:	a851                	j	802002c4 <_ZN50_$LT$$RF$mut$u20$W$u20$as$u20$core..fmt..Write$GT$10write_char17hf0d505868795947eE.llvm.15287564367216343018+0xb2>
    80200232:	00b5d51b          	srliw	a0,a1,0xb
    80200236:	ed19                	bnez	a0,80200254 <_ZN50_$LT$$RF$mut$u20$W$u20$as$u20$core..fmt..Write$GT$10write_char17hf0d505868795947eE.llvm.15287564367216343018+0x42>
    80200238:	0065d513          	srli	a0,a1,0x6
    8020023c:	0c056513          	ori	a0,a0,192
    80200240:	fea40623          	sb	a0,-20(s0)
    80200244:	03f5f513          	andi	a0,a1,63
    80200248:	08056513          	ori	a0,a0,128
    8020024c:	fea406a3          	sb	a0,-19(s0)
    80200250:	4509                	li	a0,2
    80200252:	a88d                	j	802002c4 <_ZN50_$LT$$RF$mut$u20$W$u20$as$u20$core..fmt..Write$GT$10write_char17hf0d505868795947eE.llvm.15287564367216343018+0xb2>
    80200254:	0105d51b          	srliw	a0,a1,0x10
    80200258:	e905                	bnez	a0,80200288 <_ZN50_$LT$$RF$mut$u20$W$u20$as$u20$core..fmt..Write$GT$10write_char17hf0d505868795947eE.llvm.15287564367216343018+0x76>
    8020025a:	02059513          	slli	a0,a1,0x20
    8020025e:	9101                	srli	a0,a0,0x20
    80200260:	00c5d61b          	srliw	a2,a1,0xc
    80200264:	0e066613          	ori	a2,a2,224
    80200268:	fec40623          	sb	a2,-20(s0)
    8020026c:	1552                	slli	a0,a0,0x34
    8020026e:	9169                	srli	a0,a0,0x3a
    80200270:	08056513          	ori	a0,a0,128
    80200274:	fea406a3          	sb	a0,-19(s0)
    80200278:	03f5f513          	andi	a0,a1,63
    8020027c:	08056513          	ori	a0,a0,128
    80200280:	fea40723          	sb	a0,-18(s0)
    80200284:	450d                	li	a0,3
    80200286:	a83d                	j	802002c4 <_ZN50_$LT$$RF$mut$u20$W$u20$as$u20$core..fmt..Write$GT$10write_char17hf0d505868795947eE.llvm.15287564367216343018+0xb2>
    80200288:	02059513          	slli	a0,a1,0x20
    8020028c:	9101                	srli	a0,a0,0x20
    8020028e:	02b51613          	slli	a2,a0,0x2b
    80200292:	9275                	srli	a2,a2,0x3d
    80200294:	0f066613          	ori	a2,a2,240
    80200298:	fec40623          	sb	a2,-20(s0)
    8020029c:	02e51613          	slli	a2,a0,0x2e
    802002a0:	9269                	srli	a2,a2,0x3a
    802002a2:	08066613          	ori	a2,a2,128
    802002a6:	fec406a3          	sb	a2,-19(s0)
    802002aa:	1552                	slli	a0,a0,0x34
    802002ac:	9169                	srli	a0,a0,0x3a
    802002ae:	08056513          	ori	a0,a0,128
    802002b2:	fea40723          	sb	a0,-18(s0)
    802002b6:	03f5f513          	andi	a0,a1,63
    802002ba:	08056513          	ori	a0,a0,128
    802002be:	fea407a3          	sb	a0,-17(s0)
    802002c2:	4511                	li	a0,4
    802002c4:	fec40693          	addi	a3,s0,-20
    802002c8:	00a68733          	add	a4,a3,a0
    802002cc:	0df00313          	li	t1,223
    802002d0:	0f000813          	li	a6,240
    802002d4:	001102b7          	lui	t0,0x110
    802002d8:	4885                	li	a7,1
    802002da:	a801                	j	802002ea <_ZN50_$LT$$RF$mut$u20$W$u20$as$u20$core..fmt..Write$GT$10write_char17hf0d505868795947eE.llvm.15287564367216343018+0xd8>
    802002dc:	0685                	addi	a3,a3,1 # 80001 <.Lline_table_start0+0x58df0>
    802002de:	4581                	li	a1,0
    802002e0:	4601                	li	a2,0
    802002e2:	00000073          	ecall
    802002e6:	04e68f63          	beq	a3,a4,80200344 <_ZN50_$LT$$RF$mut$u20$W$u20$as$u20$core..fmt..Write$GT$10write_char17hf0d505868795947eE.llvm.15287564367216343018+0x132>
    802002ea:	00068583          	lb	a1,0(a3)
    802002ee:	0ff5f513          	zext.b	a0,a1
    802002f2:	fe05d5e3          	bgez	a1,802002dc <_ZN50_$LT$$RF$mut$u20$W$u20$as$u20$core..fmt..Write$GT$10write_char17hf0d505868795947eE.llvm.15287564367216343018+0xca>
    802002f6:	0016c603          	lbu	a2,1(a3)
    802002fa:	01f57593          	andi	a1,a0,31
    802002fe:	03f67613          	andi	a2,a2,63
    80200302:	02a37763          	bgeu	t1,a0,80200330 <_ZN50_$LT$$RF$mut$u20$W$u20$as$u20$core..fmt..Write$GT$10write_char17hf0d505868795947eE.llvm.15287564367216343018+0x11e>
    80200306:	0026c783          	lbu	a5,2(a3)
    8020030a:	061a                	slli	a2,a2,0x6
    8020030c:	03f7f793          	andi	a5,a5,63
    80200310:	8e5d                	or	a2,a2,a5
    80200312:	03056463          	bltu	a0,a6,8020033a <_ZN50_$LT$$RF$mut$u20$W$u20$as$u20$core..fmt..Write$GT$10write_char17hf0d505868795947eE.llvm.15287564367216343018+0x128>
    80200316:	0036c503          	lbu	a0,3(a3)
    8020031a:	15f6                	slli	a1,a1,0x3d
    8020031c:	91ad                	srli	a1,a1,0x2b
    8020031e:	061a                	slli	a2,a2,0x6
    80200320:	03f57513          	andi	a0,a0,63
    80200324:	8d51                	or	a0,a0,a2
    80200326:	8d4d                	or	a0,a0,a1
    80200328:	00550e63          	beq	a0,t0,80200344 <_ZN50_$LT$$RF$mut$u20$W$u20$as$u20$core..fmt..Write$GT$10write_char17hf0d505868795947eE.llvm.15287564367216343018+0x132>
    8020032c:	0691                	addi	a3,a3,4
    8020032e:	bf45                	j	802002de <_ZN50_$LT$$RF$mut$u20$W$u20$as$u20$core..fmt..Write$GT$10write_char17hf0d505868795947eE.llvm.15287564367216343018+0xcc>
    80200330:	0689                	addi	a3,a3,2
    80200332:	00659513          	slli	a0,a1,0x6
    80200336:	8d51                	or	a0,a0,a2
    80200338:	b75d                	j	802002de <_ZN50_$LT$$RF$mut$u20$W$u20$as$u20$core..fmt..Write$GT$10write_char17hf0d505868795947eE.llvm.15287564367216343018+0xcc>
    8020033a:	068d                	addi	a3,a3,3
    8020033c:	00c59513          	slli	a0,a1,0xc
    80200340:	8d51                	or	a0,a0,a2
    80200342:	bf71                	j	802002de <_ZN50_$LT$$RF$mut$u20$W$u20$as$u20$core..fmt..Write$GT$10write_char17hf0d505868795947eE.llvm.15287564367216343018+0xcc>
    80200344:	4501                	li	a0,0
    80200346:	60e2                	ld	ra,24(sp)
    80200348:	6442                	ld	s0,16(sp)
    8020034a:	6105                	addi	sp,sp,32
    8020034c:	8082                	ret

Disassembly of section .text._ZN50_$LT$$RF$mut$u20$W$u20$as$u20$core..fmt..Write$GT$9write_fmt17hea6da6f03dcdd814E.llvm.15287564367216343018:

000000008020034e <_ZN50_$LT$$RF$mut$u20$W$u20$as$u20$core..fmt..Write$GT$9write_fmt17hea6da6f03dcdd814E.llvm.15287564367216343018>:
    8020034e:	715d                	addi	sp,sp,-80
    80200350:	e486                	sd	ra,72(sp)
    80200352:	e0a2                	sd	s0,64(sp)
    80200354:	0880                	addi	s0,sp,80
    80200356:	6108                	ld	a0,0(a0)
    80200358:	7590                	ld	a2,40(a1)
    8020035a:	7194                	ld	a3,32(a1)
    8020035c:	faa43c23          	sd	a0,-72(s0)
    80200360:	fec43423          	sd	a2,-24(s0)
    80200364:	fed43023          	sd	a3,-32(s0)
    80200368:	6d88                	ld	a0,24(a1)
    8020036a:	6990                	ld	a2,16(a1)
    8020036c:	6594                	ld	a3,8(a1)
    8020036e:	618c                	ld	a1,0(a1)
    80200370:	fca43c23          	sd	a0,-40(s0)
    80200374:	fcc43823          	sd	a2,-48(s0)
    80200378:	fcd43423          	sd	a3,-56(s0)
    8020037c:	fcb43023          	sd	a1,-64(s0)

0000000080200380 <.LBB2_1>:
    80200380:	00001597          	auipc	a1,0x1
    80200384:	17058593          	addi	a1,a1,368 # 802014f0 <anon.f016384ff5f45e36efedd53711d4611b.0.llvm.15287564367216343018>
    80200388:	fb840513          	addi	a0,s0,-72
    8020038c:	fc040613          	addi	a2,s0,-64
    80200390:	00000097          	auipc	ra,0x0
    80200394:	470080e7          	jalr	1136(ra) # 80200800 <_ZN4core3fmt5write17h42fcd7b837de3f75E>
    80200398:	60a6                	ld	ra,72(sp)
    8020039a:	6406                	ld	s0,64(sp)
    8020039c:	6161                	addi	sp,sp,80
    8020039e:	8082                	ret

Disassembly of section .text._ZN50_$LT$$RF$mut$u20$W$u20$as$u20$core..fmt..Write$GT$9write_str17hff577ac6e379d064E.llvm.15287564367216343018:

00000000802003a0 <_ZN50_$LT$$RF$mut$u20$W$u20$as$u20$core..fmt..Write$GT$9write_str17hff577ac6e379d064E.llvm.15287564367216343018>:
    802003a0:	1141                	addi	sp,sp,-16
    802003a2:	e406                	sd	ra,8(sp)
    802003a4:	e022                	sd	s0,0(sp)
    802003a6:	0800                	addi	s0,sp,16
    802003a8:	c241                	beqz	a2,80200428 <_ZN50_$LT$$RF$mut$u20$W$u20$as$u20$core..fmt..Write$GT$9write_str17hff577ac6e379d064E.llvm.15287564367216343018+0x88>
    802003aa:	86ae                	mv	a3,a1
    802003ac:	00c58733          	add	a4,a1,a2
    802003b0:	0df00313          	li	t1,223
    802003b4:	0f000813          	li	a6,240
    802003b8:	001102b7          	lui	t0,0x110
    802003bc:	4885                	li	a7,1
    802003be:	a801                	j	802003ce <_ZN50_$LT$$RF$mut$u20$W$u20$as$u20$core..fmt..Write$GT$9write_str17hff577ac6e379d064E.llvm.15287564367216343018+0x2e>
    802003c0:	0685                	addi	a3,a3,1
    802003c2:	4581                	li	a1,0
    802003c4:	4601                	li	a2,0
    802003c6:	00000073          	ecall
    802003ca:	04e68f63          	beq	a3,a4,80200428 <_ZN50_$LT$$RF$mut$u20$W$u20$as$u20$core..fmt..Write$GT$9write_str17hff577ac6e379d064E.llvm.15287564367216343018+0x88>
    802003ce:	00068583          	lb	a1,0(a3)
    802003d2:	0ff5f513          	zext.b	a0,a1
    802003d6:	fe05d5e3          	bgez	a1,802003c0 <_ZN50_$LT$$RF$mut$u20$W$u20$as$u20$core..fmt..Write$GT$9write_str17hff577ac6e379d064E.llvm.15287564367216343018+0x20>
    802003da:	0016c603          	lbu	a2,1(a3)
    802003de:	01f57593          	andi	a1,a0,31
    802003e2:	03f67613          	andi	a2,a2,63
    802003e6:	02a37763          	bgeu	t1,a0,80200414 <_ZN50_$LT$$RF$mut$u20$W$u20$as$u20$core..fmt..Write$GT$9write_str17hff577ac6e379d064E.llvm.15287564367216343018+0x74>
    802003ea:	0026c783          	lbu	a5,2(a3)
    802003ee:	061a                	slli	a2,a2,0x6
    802003f0:	03f7f793          	andi	a5,a5,63
    802003f4:	8e5d                	or	a2,a2,a5
    802003f6:	03056463          	bltu	a0,a6,8020041e <_ZN50_$LT$$RF$mut$u20$W$u20$as$u20$core..fmt..Write$GT$9write_str17hff577ac6e379d064E.llvm.15287564367216343018+0x7e>
    802003fa:	0036c503          	lbu	a0,3(a3)
    802003fe:	15f6                	slli	a1,a1,0x3d
    80200400:	91ad                	srli	a1,a1,0x2b
    80200402:	061a                	slli	a2,a2,0x6
    80200404:	03f57513          	andi	a0,a0,63
    80200408:	8d51                	or	a0,a0,a2
    8020040a:	8d4d                	or	a0,a0,a1
    8020040c:	00550e63          	beq	a0,t0,80200428 <_ZN50_$LT$$RF$mut$u20$W$u20$as$u20$core..fmt..Write$GT$9write_str17hff577ac6e379d064E.llvm.15287564367216343018+0x88>
    80200410:	0691                	addi	a3,a3,4
    80200412:	bf45                	j	802003c2 <_ZN50_$LT$$RF$mut$u20$W$u20$as$u20$core..fmt..Write$GT$9write_str17hff577ac6e379d064E.llvm.15287564367216343018+0x22>
    80200414:	0689                	addi	a3,a3,2
    80200416:	00659513          	slli	a0,a1,0x6
    8020041a:	8d51                	or	a0,a0,a2
    8020041c:	b75d                	j	802003c2 <_ZN50_$LT$$RF$mut$u20$W$u20$as$u20$core..fmt..Write$GT$9write_str17hff577ac6e379d064E.llvm.15287564367216343018+0x22>
    8020041e:	068d                	addi	a3,a3,3
    80200420:	00c59513          	slli	a0,a1,0xc
    80200424:	8d51                	or	a0,a0,a2
    80200426:	bf71                	j	802003c2 <_ZN50_$LT$$RF$mut$u20$W$u20$as$u20$core..fmt..Write$GT$9write_str17hff577ac6e379d064E.llvm.15287564367216343018+0x22>
    80200428:	4501                	li	a0,0
    8020042a:	60a2                	ld	ra,8(sp)
    8020042c:	6402                	ld	s0,0(sp)
    8020042e:	0141                	addi	sp,sp,16
    80200430:	8082                	ret

Disassembly of section .text._ZN4sel47console5print17hac8e0d72989ef035E:

0000000080200432 <_ZN4sel47console5print17hac8e0d72989ef035E>:
    80200432:	715d                	addi	sp,sp,-80
    80200434:	e486                	sd	ra,72(sp)
    80200436:	e0a2                	sd	s0,64(sp)
    80200438:	0880                	addi	s0,sp,80
    8020043a:	750c                	ld	a1,40(a0)
    8020043c:	7110                	ld	a2,32(a0)
    8020043e:	fe840693          	addi	a3,s0,-24
    80200442:	fad43823          	sd	a3,-80(s0)
    80200446:	feb43023          	sd	a1,-32(s0)
    8020044a:	fcc43c23          	sd	a2,-40(s0)
    8020044e:	6d0c                	ld	a1,24(a0)
    80200450:	6910                	ld	a2,16(a0)
    80200452:	6514                	ld	a3,8(a0)
    80200454:	6108                	ld	a0,0(a0)
    80200456:	fcb43823          	sd	a1,-48(s0)
    8020045a:	fcc43423          	sd	a2,-56(s0)
    8020045e:	fcd43023          	sd	a3,-64(s0)
    80200462:	faa43c23          	sd	a0,-72(s0)

0000000080200466 <.LBB4_3>:
    80200466:	00001597          	auipc	a1,0x1
    8020046a:	08a58593          	addi	a1,a1,138 # 802014f0 <anon.f016384ff5f45e36efedd53711d4611b.0.llvm.15287564367216343018>
    8020046e:	fb040513          	addi	a0,s0,-80
    80200472:	fb840613          	addi	a2,s0,-72
    80200476:	00000097          	auipc	ra,0x0
    8020047a:	38a080e7          	jalr	906(ra) # 80200800 <_ZN4core3fmt5write17h42fcd7b837de3f75E>
    8020047e:	e509                	bnez	a0,80200488 <.LBB4_4>
    80200480:	60a6                	ld	ra,72(sp)
    80200482:	6406                	ld	s0,64(sp)
    80200484:	6161                	addi	sp,sp,80
    80200486:	8082                	ret

0000000080200488 <.LBB4_4>:
    80200488:	00001517          	auipc	a0,0x1
    8020048c:	09850513          	addi	a0,a0,152 # 80201520 <anon.f016384ff5f45e36efedd53711d4611b.1.llvm.15287564367216343018>

0000000080200490 <.LBB4_5>:
    80200490:	00001697          	auipc	a3,0x1
    80200494:	0c068693          	addi	a3,a3,192 # 80201550 <anon.f016384ff5f45e36efedd53711d4611b.2.llvm.15287564367216343018>

0000000080200498 <.LBB4_6>:
    80200498:	00001717          	auipc	a4,0x1
    8020049c:	0e870713          	addi	a4,a4,232 # 80201580 <anon.f016384ff5f45e36efedd53711d4611b.4.llvm.15287564367216343018>
    802004a0:	02b00593          	li	a1,43
    802004a4:	fe840613          	addi	a2,s0,-24
    802004a8:	00000097          	auipc	ra,0x0
    802004ac:	2da080e7          	jalr	730(ra) # 80200782 <_ZN4core6result13unwrap_failed17h93c501911315d321E>
	...

Disassembly of section .text.rust_begin_unwind:

00000000802004b2 <rust_begin_unwind>:
    802004b2:	716d                	addi	sp,sp,-272
    802004b4:	e606                	sd	ra,264(sp)
    802004b6:	e222                	sd	s0,256(sp)
    802004b8:	fda6                	sd	s1,248(sp)
    802004ba:	0a00                	addi	s0,sp,272
    802004bc:	84aa                	mv	s1,a0
    802004be:	00000097          	auipc	ra,0x0
    802004c2:	266080e7          	jalr	614(ra) # 80200724 <_ZN4core5panic10panic_info9PanicInfo8location17h43d8a14288f989fbE>
    802004c6:	e515                	bnez	a0,802004f2 <.LBB0_10+0x16>
    802004c8:	8526                	mv	a0,s1
    802004ca:	00000097          	auipc	ra,0x0
    802004ce:	256080e7          	jalr	598(ra) # 80200720 <_ZN4core5panic10panic_info9PanicInfo7message17hcb7a5a3e466be904E>
    802004d2:	ed31                	bnez	a0,8020052e <.LBB0_12+0x16>

00000000802004d4 <.LBB0_9>:
    802004d4:	00001517          	auipc	a0,0x1
    802004d8:	16450513          	addi	a0,a0,356 # 80201638 <.Lanon.86a3613c128665d32fc75176e6ae67c2.8>

00000000802004dc <.LBB0_10>:
    802004dc:	00001617          	auipc	a2,0x1
    802004e0:	19c60613          	addi	a2,a2,412 # 80201678 <.Lanon.86a3613c128665d32fc75176e6ae67c2.10>
    802004e4:	02b00593          	li	a1,43
    802004e8:	00000097          	auipc	ra,0x0
    802004ec:	26e080e7          	jalr	622(ra) # 80200756 <_ZN4core9panicking5panic17h968d2b6b541ffadfE>
    802004f0:	0000                	unimp
    802004f2:	610c                	ld	a1,0(a0)
    802004f4:	6510                	ld	a2,8(a0)
    802004f6:	f2b43023          	sd	a1,-224(s0)
    802004fa:	f2c43423          	sd	a2,-216(s0)
    802004fe:	4908                	lw	a0,16(a0)
    80200500:	f2a42a23          	sw	a0,-204(s0)
    80200504:	8526                	mv	a0,s1
    80200506:	00000097          	auipc	ra,0x0
    8020050a:	21a080e7          	jalr	538(ra) # 80200720 <_ZN4core5panic10panic_info9PanicInfo7message17hcb7a5a3e466be904E>
    8020050e:	e57d                	bnez	a0,802005fc <.LBB0_18+0x24>

0000000080200510 <.LBB0_11>:
    80200510:	00001517          	auipc	a0,0x1
    80200514:	12850513          	addi	a0,a0,296 # 80201638 <.Lanon.86a3613c128665d32fc75176e6ae67c2.8>

0000000080200518 <.LBB0_12>:
    80200518:	00001617          	auipc	a2,0x1
    8020051c:	1d060613          	addi	a2,a2,464 # 802016e8 <.Lanon.86a3613c128665d32fc75176e6ae67c2.15>
    80200520:	02b00593          	li	a1,43
    80200524:	00000097          	auipc	ra,0x0
    80200528:	232080e7          	jalr	562(ra) # 80200756 <_ZN4core9panicking5panic17h968d2b6b541ffadfE>
    8020052c:	0000                	unimp
    8020052e:	faa43423          	sd	a0,-88(s0)
    80200532:	fa840513          	addi	a0,s0,-88
    80200536:	eea43823          	sd	a0,-272(s0)

000000008020053a <.LBB0_13>:
    8020053a:	00000517          	auipc	a0,0x0
    8020053e:	b1a50513          	addi	a0,a0,-1254 # 80200054 <_ZN44_$LT$$RF$T$u20$as$u20$core..fmt..Display$GT$3fmt17hc83fb63968e07dbeE>
    80200542:	eea43c23          	sd	a0,-264(s0)

0000000080200546 <.LBB0_14>:
    80200546:	00001517          	auipc	a0,0x1
    8020054a:	0d250513          	addi	a0,a0,210 # 80201618 <.Lanon.86a3613c128665d32fc75176e6ae67c2.7>
    8020054e:	f4a43823          	sd	a0,-176(s0)
    80200552:	4509                	li	a0,2
    80200554:	f4a43c23          	sd	a0,-168(s0)
    80200558:	f4043023          	sd	zero,-192(s0)
    8020055c:	ef040513          	addi	a0,s0,-272
    80200560:	f6a43023          	sd	a0,-160(s0)
    80200564:	4505                	li	a0,1
    80200566:	f6a43423          	sd	a0,-152(s0)
    8020056a:	457d                	li	a0,31
    8020056c:	f2a40a23          	sb	a0,-204(s0)
    80200570:	03100513          	li	a0,49
    80200574:	f2a40c23          	sb	a0,-200(s0)
    80200578:	f3440513          	addi	a0,s0,-204
    8020057c:	f6a43823          	sd	a0,-144(s0)

0000000080200580 <.LBB0_15>:
    80200580:	00001517          	auipc	a0,0x1
    80200584:	bf050513          	addi	a0,a0,-1040 # 80201170 <_ZN4core3fmt3num3imp51_$LT$impl$u20$core..fmt..Display$u20$for$u20$u8$GT$3fmt17h93332490606bba67E>
    80200588:	f6a43c23          	sd	a0,-136(s0)
    8020058c:	f3840593          	addi	a1,s0,-200
    80200590:	f8b43023          	sd	a1,-128(s0)
    80200594:	f8a43423          	sd	a0,-120(s0)
    80200598:	f4040513          	addi	a0,s0,-192
    8020059c:	f8a43823          	sd	a0,-112(s0)

00000000802005a0 <.LBB0_16>:
    802005a0:	00000517          	auipc	a0,0x0
    802005a4:	22e50513          	addi	a0,a0,558 # 802007ce <_ZN59_$LT$core..fmt..Arguments$u20$as$u20$core..fmt..Display$GT$3fmt17h14b26a2a8d914ef0E>
    802005a8:	f8a43c23          	sd	a0,-104(s0)
    802005ac:	fe040513          	addi	a0,s0,-32
    802005b0:	f2a43023          	sd	a0,-224(s0)
    802005b4:	fa043823          	sd	zero,-80(s0)

00000000802005b8 <.LBB0_17>:
    802005b8:	00001517          	auipc	a0,0x1
    802005bc:	ff050513          	addi	a0,a0,-16 # 802015a8 <anon.f016384ff5f45e36efedd53711d4611b.9.llvm.15287564367216343018>
    802005c0:	fca43023          	sd	a0,-64(s0)
    802005c4:	4511                	li	a0,4
    802005c6:	fca43423          	sd	a0,-56(s0)
    802005ca:	f7040513          	addi	a0,s0,-144
    802005ce:	fca43823          	sd	a0,-48(s0)
    802005d2:	450d                	li	a0,3
    802005d4:	fca43c23          	sd	a0,-40(s0)

00000000802005d8 <.LBB0_18>:
    802005d8:	00001597          	auipc	a1,0x1
    802005dc:	f1858593          	addi	a1,a1,-232 # 802014f0 <anon.f016384ff5f45e36efedd53711d4611b.0.llvm.15287564367216343018>
    802005e0:	f2040513          	addi	a0,s0,-224
    802005e4:	fb040613          	addi	a2,s0,-80
    802005e8:	00000097          	auipc	ra,0x0
    802005ec:	218080e7          	jalr	536(ra) # 80200800 <_ZN4core3fmt5write17h42fcd7b837de3f75E>
    802005f0:	e975                	bnez	a0,802006e4 <.LBB0_27>
    802005f2:	00000097          	auipc	ra,0x0
    802005f6:	a9c080e7          	jalr	-1380(ra) # 8020008e <_ZN4sel43sbi8shutdown17h66331878ed4ddfbbE>
    802005fa:	0000                	unimp
    802005fc:	f2a43c23          	sd	a0,-200(s0)
    80200600:	f2040513          	addi	a0,s0,-224
    80200604:	f4a43023          	sd	a0,-192(s0)

0000000080200608 <.LBB0_19>:
    80200608:	00000517          	auipc	a0,0x0
    8020060c:	a6450513          	addi	a0,a0,-1436 # 8020006c <_ZN44_$LT$$RF$T$u20$as$u20$core..fmt..Display$GT$3fmt17he9e9b4aa0ef791bdE>
    80200610:	f4a43423          	sd	a0,-184(s0)
    80200614:	f3440513          	addi	a0,s0,-204
    80200618:	f4a43823          	sd	a0,-176(s0)

000000008020061c <.LBB0_20>:
    8020061c:	00001517          	auipc	a0,0x1
    80200620:	b6450513          	addi	a0,a0,-1180 # 80201180 <_ZN4core3fmt3num3imp52_$LT$impl$u20$core..fmt..Display$u20$for$u20$u32$GT$3fmt17h518678af98a1949fE>
    80200624:	f4a43c23          	sd	a0,-168(s0)
    80200628:	f3840513          	addi	a0,s0,-200
    8020062c:	f6a43023          	sd	a0,-160(s0)

0000000080200630 <.LBB0_21>:
    80200630:	00000517          	auipc	a0,0x0
    80200634:	a2450513          	addi	a0,a0,-1500 # 80200054 <_ZN44_$LT$$RF$T$u20$as$u20$core..fmt..Display$GT$3fmt17hc83fb63968e07dbeE>
    80200638:	f6a43423          	sd	a0,-152(s0)

000000008020063c <.LBB0_22>:
    8020063c:	00001517          	auipc	a0,0x1
    80200640:	06c50513          	addi	a0,a0,108 # 802016a8 <.Lanon.86a3613c128665d32fc75176e6ae67c2.14>
    80200644:	f0a43023          	sd	a0,-256(s0)
    80200648:	4511                	li	a0,4
    8020064a:	f0a43423          	sd	a0,-248(s0)
    8020064e:	ee043823          	sd	zero,-272(s0)
    80200652:	f4040593          	addi	a1,s0,-192
    80200656:	f0b43823          	sd	a1,-240(s0)
    8020065a:	458d                	li	a1,3
    8020065c:	f0b43c23          	sd	a1,-232(s0)
    80200660:	467d                	li	a2,31
    80200662:	fac40323          	sb	a2,-90(s0)
    80200666:	03100613          	li	a2,49
    8020066a:	fac403a3          	sb	a2,-89(s0)
    8020066e:	fa640613          	addi	a2,s0,-90
    80200672:	f6c43823          	sd	a2,-144(s0)

0000000080200676 <.LBB0_23>:
    80200676:	00001617          	auipc	a2,0x1
    8020067a:	afa60613          	addi	a2,a2,-1286 # 80201170 <_ZN4core3fmt3num3imp51_$LT$impl$u20$core..fmt..Display$u20$for$u20$u8$GT$3fmt17h93332490606bba67E>
    8020067e:	f6c43c23          	sd	a2,-136(s0)
    80200682:	fa740693          	addi	a3,s0,-89
    80200686:	f8d43023          	sd	a3,-128(s0)
    8020068a:	f8c43423          	sd	a2,-120(s0)
    8020068e:	ef040613          	addi	a2,s0,-272
    80200692:	f8c43823          	sd	a2,-112(s0)

0000000080200696 <.LBB0_24>:
    80200696:	00000617          	auipc	a2,0x0
    8020069a:	13860613          	addi	a2,a2,312 # 802007ce <_ZN59_$LT$core..fmt..Arguments$u20$as$u20$core..fmt..Display$GT$3fmt17h14b26a2a8d914ef0E>
    8020069e:	f8c43c23          	sd	a2,-104(s0)
    802006a2:	fe040613          	addi	a2,s0,-32
    802006a6:	fac43423          	sd	a2,-88(s0)
    802006aa:	fa043823          	sd	zero,-80(s0)

00000000802006ae <.LBB0_25>:
    802006ae:	00001617          	auipc	a2,0x1
    802006b2:	efa60613          	addi	a2,a2,-262 # 802015a8 <anon.f016384ff5f45e36efedd53711d4611b.9.llvm.15287564367216343018>
    802006b6:	fcc43023          	sd	a2,-64(s0)
    802006ba:	fca43423          	sd	a0,-56(s0)
    802006be:	f7040513          	addi	a0,s0,-144
    802006c2:	fca43823          	sd	a0,-48(s0)
    802006c6:	fcb43c23          	sd	a1,-40(s0)

00000000802006ca <.LBB0_26>:
    802006ca:	00001597          	auipc	a1,0x1
    802006ce:	e2658593          	addi	a1,a1,-474 # 802014f0 <anon.f016384ff5f45e36efedd53711d4611b.0.llvm.15287564367216343018>
    802006d2:	fa840513          	addi	a0,s0,-88
    802006d6:	fb040613          	addi	a2,s0,-80
    802006da:	00000097          	auipc	ra,0x0
    802006de:	126080e7          	jalr	294(ra) # 80200800 <_ZN4core3fmt5write17h42fcd7b837de3f75E>
    802006e2:	d901                	beqz	a0,802005f2 <.LBB0_18+0x1a>

00000000802006e4 <.LBB0_27>:
    802006e4:	00001517          	auipc	a0,0x1
    802006e8:	e3c50513          	addi	a0,a0,-452 # 80201520 <anon.f016384ff5f45e36efedd53711d4611b.1.llvm.15287564367216343018>

00000000802006ec <.LBB0_28>:
    802006ec:	00001697          	auipc	a3,0x1
    802006f0:	e6468693          	addi	a3,a3,-412 # 80201550 <anon.f016384ff5f45e36efedd53711d4611b.2.llvm.15287564367216343018>

00000000802006f4 <.LBB0_29>:
    802006f4:	00001717          	auipc	a4,0x1
    802006f8:	ef470713          	addi	a4,a4,-268 # 802015e8 <anon.f016384ff5f45e36efedd53711d4611b.10.llvm.15287564367216343018>
    802006fc:	02b00593          	li	a1,43
    80200700:	fe040613          	addi	a2,s0,-32
    80200704:	00000097          	auipc	ra,0x0
    80200708:	07e080e7          	jalr	126(ra) # 80200782 <_ZN4core6result13unwrap_failed17h93c501911315d321E>
	...

Disassembly of section .text._ZN4core3ops8function6FnOnce9call_once17hfd3303d23173549bE:

000000008020070e <_ZN4core3ops8function6FnOnce9call_once17hfd3303d23173549bE>:
    8020070e:	6108                	ld	a0,0(a0)
    80200710:	a001                	j	80200710 <_ZN4core3ops8function6FnOnce9call_once17hfd3303d23173549bE+0x2>

Disassembly of section .text._ZN4core3ptr102drop_in_place$LT$$RF$core..iter..adapters..copied..Copied$LT$core..slice..iter..Iter$LT$u8$GT$$GT$$GT$17h53befd6046d0b90eE:

0000000080200712 <_ZN4core3ptr102drop_in_place$LT$$RF$core..iter..adapters..copied..Copied$LT$core..slice..iter..Iter$LT$u8$GT$$GT$$GT$17h53befd6046d0b90eE>:
    80200712:	8082                	ret

Disassembly of section .text._ZN36_$LT$T$u20$as$u20$core..any..Any$GT$7type_id17hf7601e0e4f62b400E:

0000000080200714 <_ZN36_$LT$T$u20$as$u20$core..any..Any$GT$7type_id17hf7601e0e4f62b400E>:
    80200714:	00001517          	auipc	a0,0x1
    80200718:	b9450513          	addi	a0,a0,-1132 # 802012a8 <.LCPI97_0>
    8020071c:	6108                	ld	a0,0(a0)
    8020071e:	8082                	ret

Disassembly of section .text._ZN4core5panic10panic_info9PanicInfo7message17hcb7a5a3e466be904E:

0000000080200720 <_ZN4core5panic10panic_info9PanicInfo7message17hcb7a5a3e466be904E>:
    80200720:	6908                	ld	a0,16(a0)
    80200722:	8082                	ret

Disassembly of section .text._ZN4core5panic10panic_info9PanicInfo8location17h43d8a14288f989fbE:

0000000080200724 <_ZN4core5panic10panic_info9PanicInfo8location17h43d8a14288f989fbE>:
    80200724:	6d08                	ld	a0,24(a0)
    80200726:	8082                	ret

Disassembly of section .text.unlikely._ZN4core9panicking9panic_fmt17h09608ae52bd0d3adE:

0000000080200728 <_ZN4core9panicking9panic_fmt17h09608ae52bd0d3adE>:
    80200728:	7179                	addi	sp,sp,-48
    8020072a:	f406                	sd	ra,40(sp)

000000008020072c <.LBB169_1>:
    8020072c:	00001617          	auipc	a2,0x1
    80200730:	fd460613          	addi	a2,a2,-44 # 80201700 <.Lanon.5d7b72655c03d3be6c233dc0a6aa27b8.231>
    80200734:	e032                	sd	a2,0(sp)

0000000080200736 <.LBB169_2>:
    80200736:	00001617          	auipc	a2,0x1
    8020073a:	fca60613          	addi	a2,a2,-54 # 80201700 <.Lanon.5d7b72655c03d3be6c233dc0a6aa27b8.231>
    8020073e:	e432                	sd	a2,8(sp)
    80200740:	e82a                	sd	a0,16(sp)
    80200742:	ec2e                	sd	a1,24(sp)
    80200744:	4505                	li	a0,1
    80200746:	02a10023          	sb	a0,32(sp)
    8020074a:	850a                	mv	a0,sp
    8020074c:	00000097          	auipc	ra,0x0
    80200750:	d66080e7          	jalr	-666(ra) # 802004b2 <rust_begin_unwind>
	...

Disassembly of section .text.unlikely._ZN4core9panicking5panic17h968d2b6b541ffadfE:

0000000080200756 <_ZN4core9panicking5panic17h968d2b6b541ffadfE>:
    80200756:	715d                	addi	sp,sp,-80
    80200758:	e486                	sd	ra,72(sp)
    8020075a:	fc2a                	sd	a0,56(sp)
    8020075c:	e0ae                	sd	a1,64(sp)
    8020075e:	1828                	addi	a0,sp,56
    80200760:	ec2a                	sd	a0,24(sp)
    80200762:	4505                	li	a0,1
    80200764:	f02a                	sd	a0,32(sp)
    80200766:	e402                	sd	zero,8(sp)

0000000080200768 <.LBB171_1>:
    80200768:	00001517          	auipc	a0,0x1
    8020076c:	f9850513          	addi	a0,a0,-104 # 80201700 <.Lanon.5d7b72655c03d3be6c233dc0a6aa27b8.231>
    80200770:	f42a                	sd	a0,40(sp)
    80200772:	f802                	sd	zero,48(sp)
    80200774:	0028                	addi	a0,sp,8
    80200776:	85b2                	mv	a1,a2
    80200778:	00000097          	auipc	ra,0x0
    8020077c:	fb0080e7          	jalr	-80(ra) # 80200728 <_ZN4core9panicking9panic_fmt17h09608ae52bd0d3adE>
	...

Disassembly of section .text.unlikely._ZN4core6result13unwrap_failed17h93c501911315d321E:

0000000080200782 <_ZN4core6result13unwrap_failed17h93c501911315d321E>:
    80200782:	7119                	addi	sp,sp,-128
    80200784:	fc86                	sd	ra,120(sp)
    80200786:	e42a                	sd	a0,8(sp)
    80200788:	e82e                	sd	a1,16(sp)
    8020078a:	ec32                	sd	a2,24(sp)
    8020078c:	f036                	sd	a3,32(sp)
    8020078e:	0028                	addi	a0,sp,8
    80200790:	ecaa                	sd	a0,88(sp)

0000000080200792 <.LBB181_1>:
    80200792:	00001517          	auipc	a0,0x1
    80200796:	a1850513          	addi	a0,a0,-1512 # 802011aa <_ZN44_$LT$$RF$T$u20$as$u20$core..fmt..Display$GT$3fmt17hcf3c30afa59af89fE>
    8020079a:	f0aa                	sd	a0,96(sp)
    8020079c:	0828                	addi	a0,sp,24
    8020079e:	f4aa                	sd	a0,104(sp)

00000000802007a0 <.LBB181_2>:
    802007a0:	00001517          	auipc	a0,0x1
    802007a4:	a0250513          	addi	a0,a0,-1534 # 802011a2 <_ZN42_$LT$$RF$T$u20$as$u20$core..fmt..Debug$GT$3fmt17hcb8bce5ca6b6d1baE>
    802007a8:	f8aa                	sd	a0,112(sp)

00000000802007aa <.LBB181_3>:
    802007aa:	00001517          	auipc	a0,0x1
    802007ae:	f7e50513          	addi	a0,a0,-130 # 80201728 <.Lanon.5d7b72655c03d3be6c233dc0a6aa27b8.250>
    802007b2:	fc2a                	sd	a0,56(sp)
    802007b4:	4509                	li	a0,2
    802007b6:	e0aa                	sd	a0,64(sp)
    802007b8:	f402                	sd	zero,40(sp)
    802007ba:	08ac                	addi	a1,sp,88
    802007bc:	e4ae                	sd	a1,72(sp)
    802007be:	e8aa                	sd	a0,80(sp)
    802007c0:	1028                	addi	a0,sp,40
    802007c2:	85ba                	mv	a1,a4
    802007c4:	00000097          	auipc	ra,0x0
    802007c8:	f64080e7          	jalr	-156(ra) # 80200728 <_ZN4core9panicking9panic_fmt17h09608ae52bd0d3adE>
	...

Disassembly of section .text._ZN59_$LT$core..fmt..Arguments$u20$as$u20$core..fmt..Display$GT$3fmt17h14b26a2a8d914ef0E:

00000000802007ce <_ZN59_$LT$core..fmt..Arguments$u20$as$u20$core..fmt..Display$GT$3fmt17h14b26a2a8d914ef0E>:
    802007ce:	7139                	addi	sp,sp,-64
    802007d0:	fc06                	sd	ra,56(sp)
    802007d2:	7510                	ld	a2,40(a0)
    802007d4:	7118                	ld	a4,32(a0)
    802007d6:	6d1c                	ld	a5,24(a0)
    802007d8:	f832                	sd	a2,48(sp)
    802007da:	6194                	ld	a3,0(a1)
    802007dc:	f43a                	sd	a4,40(sp)
    802007de:	f03e                	sd	a5,32(sp)
    802007e0:	6910                	ld	a2,16(a0)
    802007e2:	6518                	ld	a4,8(a0)
    802007e4:	6108                	ld	a0,0(a0)
    802007e6:	658c                	ld	a1,8(a1)
    802007e8:	ec32                	sd	a2,24(sp)
    802007ea:	e83a                	sd	a4,16(sp)
    802007ec:	e42a                	sd	a0,8(sp)
    802007ee:	0030                	addi	a2,sp,8
    802007f0:	8536                	mv	a0,a3
    802007f2:	00000097          	auipc	ra,0x0
    802007f6:	00e080e7          	jalr	14(ra) # 80200800 <_ZN4core3fmt5write17h42fcd7b837de3f75E>
    802007fa:	70e2                	ld	ra,56(sp)
    802007fc:	6121                	addi	sp,sp,64
    802007fe:	8082                	ret

Disassembly of section .text._ZN4core3fmt5write17h42fcd7b837de3f75E:

0000000080200800 <_ZN4core3fmt5write17h42fcd7b837de3f75E>:
    80200800:	7119                	addi	sp,sp,-128
    80200802:	fc86                	sd	ra,120(sp)
    80200804:	f8a2                	sd	s0,112(sp)
    80200806:	f4a6                	sd	s1,104(sp)
    80200808:	f0ca                	sd	s2,96(sp)
    8020080a:	ecce                	sd	s3,88(sp)
    8020080c:	e8d2                	sd	s4,80(sp)
    8020080e:	e4d6                	sd	s5,72(sp)
    80200810:	e0da                	sd	s6,64(sp)
    80200812:	89b2                	mv	s3,a2
    80200814:	4605                	li	a2,1
    80200816:	1616                	slli	a2,a2,0x25
    80200818:	f832                	sd	a2,48(sp)
    8020081a:	460d                	li	a2,3
    8020081c:	02c10c23          	sb	a2,56(sp)
    80200820:	0009b603          	ld	a2,0(s3)
    80200824:	e802                	sd	zero,16(sp)
    80200826:	f002                	sd	zero,32(sp)
    80200828:	e02a                	sd	a0,0(sp)
    8020082a:	e42e                	sd	a1,8(sp)
    8020082c:	c669                	beqz	a2,802008f6 <.LBB218_31+0x9e>
    8020082e:	0089b503          	ld	a0,8(s3)
    80200832:	10050e63          	beqz	a0,8020094e <.LBB218_31+0xf6>
    80200836:	0109b583          	ld	a1,16(s3)
    8020083a:	fff50693          	addi	a3,a0,-1
    8020083e:	068e                	slli	a3,a3,0x3
    80200840:	828d                	srli	a3,a3,0x3
    80200842:	00168913          	addi	s2,a3,1
    80200846:	00858493          	addi	s1,a1,8
    8020084a:	03800593          	li	a1,56
    8020084e:	02b50a33          	mul	s4,a0,a1
    80200852:	01860413          	addi	s0,a2,24
    80200856:	4a85                	li	s5,1

0000000080200858 <.LBB218_31>:
    80200858:	00000b17          	auipc	s6,0x0
    8020085c:	eb6b0b13          	addi	s6,s6,-330 # 8020070e <_ZN4core3ops8function6FnOnce9call_once17hfd3303d23173549bE>
    80200860:	6090                	ld	a2,0(s1)
    80200862:	ca09                	beqz	a2,80200874 <.LBB218_31+0x1c>
    80200864:	66a2                	ld	a3,8(sp)
    80200866:	6502                	ld	a0,0(sp)
    80200868:	ff84b583          	ld	a1,-8(s1)
    8020086c:	6e94                	ld	a3,24(a3)
    8020086e:	9682                	jalr	a3
    80200870:	10051163          	bnez	a0,80200972 <.LBB218_31+0x11a>
    80200874:	4448                	lw	a0,12(s0)
    80200876:	da2a                	sw	a0,52(sp)
    80200878:	01040503          	lb	a0,16(s0)
    8020087c:	02a10c23          	sb	a0,56(sp)
    80200880:	440c                	lw	a1,8(s0)
    80200882:	0209b503          	ld	a0,32(s3)
    80200886:	d82e                	sw	a1,48(sp)
    80200888:	ff843683          	ld	a3,-8(s0)
    8020088c:	600c                	ld	a1,0(s0)
    8020088e:	ce89                	beqz	a3,802008a8 <.LBB218_31+0x50>
    80200890:	4601                	li	a2,0
    80200892:	01569c63          	bne	a3,s5,802008aa <.LBB218_31+0x52>
    80200896:	0592                	slli	a1,a1,0x4
    80200898:	95aa                	add	a1,a1,a0
    8020089a:	6590                	ld	a2,8(a1)
    8020089c:	01660463          	beq	a2,s6,802008a4 <.LBB218_31+0x4c>
    802008a0:	4601                	li	a2,0
    802008a2:	a021                	j	802008aa <.LBB218_31+0x52>
    802008a4:	618c                	ld	a1,0(a1)
    802008a6:	618c                	ld	a1,0(a1)
    802008a8:	4605                	li	a2,1
    802008aa:	e832                	sd	a2,16(sp)
    802008ac:	ec2e                	sd	a1,24(sp)
    802008ae:	fe843683          	ld	a3,-24(s0)
    802008b2:	ff043583          	ld	a1,-16(s0)
    802008b6:	ce89                	beqz	a3,802008d0 <.LBB218_31+0x78>
    802008b8:	4601                	li	a2,0
    802008ba:	01569c63          	bne	a3,s5,802008d2 <.LBB218_31+0x7a>
    802008be:	0592                	slli	a1,a1,0x4
    802008c0:	95aa                	add	a1,a1,a0
    802008c2:	6590                	ld	a2,8(a1)
    802008c4:	01660463          	beq	a2,s6,802008cc <.LBB218_31+0x74>
    802008c8:	4601                	li	a2,0
    802008ca:	a021                	j	802008d2 <.LBB218_31+0x7a>
    802008cc:	618c                	ld	a1,0(a1)
    802008ce:	618c                	ld	a1,0(a1)
    802008d0:	4605                	li	a2,1
    802008d2:	f032                	sd	a2,32(sp)
    802008d4:	f42e                	sd	a1,40(sp)
    802008d6:	6c0c                	ld	a1,24(s0)
    802008d8:	0592                	slli	a1,a1,0x4
    802008da:	952e                	add	a0,a0,a1
    802008dc:	6510                	ld	a2,8(a0)
    802008de:	6108                	ld	a0,0(a0)
    802008e0:	858a                	mv	a1,sp
    802008e2:	9602                	jalr	a2
    802008e4:	e559                	bnez	a0,80200972 <.LBB218_31+0x11a>
    802008e6:	04c1                	addi	s1,s1,16
    802008e8:	fc8a0a13          	addi	s4,s4,-56
    802008ec:	03840413          	addi	s0,s0,56
    802008f0:	f60a18e3          	bnez	s4,80200860 <.LBB218_31+0x8>
    802008f4:	a881                	j	80200944 <.LBB218_31+0xec>
    802008f6:	0289b503          	ld	a0,40(s3)
    802008fa:	c931                	beqz	a0,8020094e <.LBB218_31+0xf6>
    802008fc:	0209b583          	ld	a1,32(s3)
    80200900:	0109b603          	ld	a2,16(s3)
    80200904:	fff50693          	addi	a3,a0,-1
    80200908:	0692                	slli	a3,a3,0x4
    8020090a:	8291                	srli	a3,a3,0x4
    8020090c:	00168913          	addi	s2,a3,1
    80200910:	00860413          	addi	s0,a2,8
    80200914:	00451a13          	slli	s4,a0,0x4
    80200918:	00858493          	addi	s1,a1,8
    8020091c:	6010                	ld	a2,0(s0)
    8020091e:	ca01                	beqz	a2,8020092e <.LBB218_31+0xd6>
    80200920:	66a2                	ld	a3,8(sp)
    80200922:	6502                	ld	a0,0(sp)
    80200924:	ff843583          	ld	a1,-8(s0)
    80200928:	6e94                	ld	a3,24(a3)
    8020092a:	9682                	jalr	a3
    8020092c:	e139                	bnez	a0,80200972 <.LBB218_31+0x11a>
    8020092e:	6090                	ld	a2,0(s1)
    80200930:	ff84b503          	ld	a0,-8(s1)
    80200934:	858a                	mv	a1,sp
    80200936:	9602                	jalr	a2
    80200938:	ed0d                	bnez	a0,80200972 <.LBB218_31+0x11a>
    8020093a:	0441                	addi	s0,s0,16
    8020093c:	1a41                	addi	s4,s4,-16
    8020093e:	04c1                	addi	s1,s1,16
    80200940:	fc0a1ee3          	bnez	s4,8020091c <.LBB218_31+0xc4>
    80200944:	0189b503          	ld	a0,24(s3)
    80200948:	00a96863          	bltu	s2,a0,80200958 <.LBB218_31+0x100>
    8020094c:	a02d                	j	80200976 <.LBB218_31+0x11e>
    8020094e:	4901                	li	s2,0
    80200950:	0189b503          	ld	a0,24(s3)
    80200954:	02a97163          	bgeu	s2,a0,80200976 <.LBB218_31+0x11e>
    80200958:	0109b503          	ld	a0,16(s3)
    8020095c:	00491593          	slli	a1,s2,0x4
    80200960:	00b50633          	add	a2,a0,a1
    80200964:	66a2                	ld	a3,8(sp)
    80200966:	6502                	ld	a0,0(sp)
    80200968:	620c                	ld	a1,0(a2)
    8020096a:	6610                	ld	a2,8(a2)
    8020096c:	6e94                	ld	a3,24(a3)
    8020096e:	9682                	jalr	a3
    80200970:	c119                	beqz	a0,80200976 <.LBB218_31+0x11e>
    80200972:	4505                	li	a0,1
    80200974:	a011                	j	80200978 <.LBB218_31+0x120>
    80200976:	4501                	li	a0,0
    80200978:	70e6                	ld	ra,120(sp)
    8020097a:	7446                	ld	s0,112(sp)
    8020097c:	74a6                	ld	s1,104(sp)
    8020097e:	7906                	ld	s2,96(sp)
    80200980:	69e6                	ld	s3,88(sp)
    80200982:	6a46                	ld	s4,80(sp)
    80200984:	6aa6                	ld	s5,72(sp)
    80200986:	6b06                	ld	s6,64(sp)
    80200988:	6109                	addi	sp,sp,128
    8020098a:	8082                	ret

Disassembly of section .text._ZN4core3fmt9Formatter12pad_integral17h2910eee1e3128085E:

000000008020098c <_ZN4core3fmt9Formatter12pad_integral17h2910eee1e3128085E>:
    8020098c:	7159                	addi	sp,sp,-112
    8020098e:	f486                	sd	ra,104(sp)
    80200990:	f0a2                	sd	s0,96(sp)
    80200992:	eca6                	sd	s1,88(sp)
    80200994:	e8ca                	sd	s2,80(sp)
    80200996:	e4ce                	sd	s3,72(sp)
    80200998:	e0d2                	sd	s4,64(sp)
    8020099a:	fc56                	sd	s5,56(sp)
    8020099c:	f85a                	sd	s6,48(sp)
    8020099e:	f45e                	sd	s7,40(sp)
    802009a0:	f062                	sd	s8,32(sp)
    802009a2:	ec66                	sd	s9,24(sp)
    802009a4:	e86a                	sd	s10,16(sp)
    802009a6:	e46e                	sd	s11,8(sp)
    802009a8:	89be                	mv	s3,a5
    802009aa:	893a                	mv	s2,a4
    802009ac:	8b36                	mv	s6,a3
    802009ae:	8a32                	mv	s4,a2
    802009b0:	8c2a                	mv	s8,a0
    802009b2:	c1b9                	beqz	a1,802009f8 <_ZN4core3fmt9Formatter12pad_integral17h2910eee1e3128085E+0x6c>
    802009b4:	030c6403          	lwu	s0,48(s8)
    802009b8:	00147513          	andi	a0,s0,1
    802009bc:	00110ab7          	lui	s5,0x110
    802009c0:	c119                	beqz	a0,802009c6 <_ZN4core3fmt9Formatter12pad_integral17h2910eee1e3128085E+0x3a>
    802009c2:	02b00a93          	li	s5,43
    802009c6:	01350cb3          	add	s9,a0,s3
    802009ca:	00447513          	andi	a0,s0,4
    802009ce:	cd15                	beqz	a0,80200a0a <_ZN4core3fmt9Formatter12pad_integral17h2910eee1e3128085E+0x7e>
    802009d0:	02000513          	li	a0,32
    802009d4:	04ab7063          	bgeu	s6,a0,80200a14 <_ZN4core3fmt9Formatter12pad_integral17h2910eee1e3128085E+0x88>
    802009d8:	4501                	li	a0,0
    802009da:	040b0363          	beqz	s6,80200a20 <_ZN4core3fmt9Formatter12pad_integral17h2910eee1e3128085E+0x94>
    802009de:	85da                	mv	a1,s6
    802009e0:	8652                	mv	a2,s4
    802009e2:	00060683          	lb	a3,0(a2)
    802009e6:	0605                	addi	a2,a2,1
    802009e8:	fc06a693          	slti	a3,a3,-64
    802009ec:	0016c693          	xori	a3,a3,1
    802009f0:	15fd                	addi	a1,a1,-1
    802009f2:	9536                	add	a0,a0,a3
    802009f4:	f5fd                	bnez	a1,802009e2 <_ZN4core3fmt9Formatter12pad_integral17h2910eee1e3128085E+0x56>
    802009f6:	a02d                	j	80200a20 <_ZN4core3fmt9Formatter12pad_integral17h2910eee1e3128085E+0x94>
    802009f8:	030c2403          	lw	s0,48(s8)
    802009fc:	00198c93          	addi	s9,s3,1
    80200a00:	02d00a93          	li	s5,45
    80200a04:	00447513          	andi	a0,s0,4
    80200a08:	f561                	bnez	a0,802009d0 <_ZN4core3fmt9Formatter12pad_integral17h2910eee1e3128085E+0x44>
    80200a0a:	4a01                	li	s4,0
    80200a0c:	010c3503          	ld	a0,16(s8)
    80200a10:	ed01                	bnez	a0,80200a28 <_ZN4core3fmt9Formatter12pad_integral17h2910eee1e3128085E+0x9c>
    80200a12:	a099                	j	80200a58 <_ZN4core3fmt9Formatter12pad_integral17h2910eee1e3128085E+0xcc>
    80200a14:	8552                	mv	a0,s4
    80200a16:	85da                	mv	a1,s6
    80200a18:	00000097          	auipc	ra,0x0
    80200a1c:	44c080e7          	jalr	1100(ra) # 80200e64 <_ZN4core3str5count14do_count_chars17h75bffc8ce7e643c7E>
    80200a20:	9caa                	add	s9,s9,a0
    80200a22:	010c3503          	ld	a0,16(s8)
    80200a26:	c90d                	beqz	a0,80200a58 <_ZN4core3fmt9Formatter12pad_integral17h2910eee1e3128085E+0xcc>
    80200a28:	018c3d03          	ld	s10,24(s8)
    80200a2c:	03acf663          	bgeu	s9,s10,80200a58 <_ZN4core3fmt9Formatter12pad_integral17h2910eee1e3128085E+0xcc>
    80200a30:	00847513          	andi	a0,s0,8
    80200a34:	e541                	bnez	a0,80200abc <_ZN4core3fmt9Formatter12pad_integral17h2910eee1e3128085E+0x130>
    80200a36:	038c4583          	lbu	a1,56(s8)
    80200a3a:	460d                	li	a2,3
    80200a3c:	4505                	li	a0,1
    80200a3e:	00c58363          	beq	a1,a2,80200a44 <_ZN4core3fmt9Formatter12pad_integral17h2910eee1e3128085E+0xb8>
    80200a42:	852e                	mv	a0,a1
    80200a44:	00357593          	andi	a1,a0,3
    80200a48:	419d0533          	sub	a0,s10,s9
    80200a4c:	c1e1                	beqz	a1,80200b0c <_ZN4core3fmt9Formatter12pad_integral17h2910eee1e3128085E+0x180>
    80200a4e:	4605                	li	a2,1
    80200a50:	0cc59163          	bne	a1,a2,80200b12 <_ZN4core3fmt9Formatter12pad_integral17h2910eee1e3128085E+0x186>
    80200a54:	4d01                	li	s10,0
    80200a56:	a0d9                	j	80200b1c <_ZN4core3fmt9Formatter12pad_integral17h2910eee1e3128085E+0x190>
    80200a58:	000c3403          	ld	s0,0(s8)
    80200a5c:	008c3483          	ld	s1,8(s8)
    80200a60:	8522                	mv	a0,s0
    80200a62:	85a6                	mv	a1,s1
    80200a64:	8656                	mv	a2,s5
    80200a66:	86d2                	mv	a3,s4
    80200a68:	875a                	mv	a4,s6
    80200a6a:	00000097          	auipc	ra,0x0
    80200a6e:	140080e7          	jalr	320(ra) # 80200baa <_ZN4core3fmt9Formatter12pad_integral12write_prefix17h94560343c060f655E>
    80200a72:	4b85                	li	s7,1
    80200a74:	c10d                	beqz	a0,80200a96 <_ZN4core3fmt9Formatter12pad_integral17h2910eee1e3128085E+0x10a>
    80200a76:	855e                	mv	a0,s7
    80200a78:	70a6                	ld	ra,104(sp)
    80200a7a:	7406                	ld	s0,96(sp)
    80200a7c:	64e6                	ld	s1,88(sp)
    80200a7e:	6946                	ld	s2,80(sp)
    80200a80:	69a6                	ld	s3,72(sp)
    80200a82:	6a06                	ld	s4,64(sp)
    80200a84:	7ae2                	ld	s5,56(sp)
    80200a86:	7b42                	ld	s6,48(sp)
    80200a88:	7ba2                	ld	s7,40(sp)
    80200a8a:	7c02                	ld	s8,32(sp)
    80200a8c:	6ce2                	ld	s9,24(sp)
    80200a8e:	6d42                	ld	s10,16(sp)
    80200a90:	6da2                	ld	s11,8(sp)
    80200a92:	6165                	addi	sp,sp,112
    80200a94:	8082                	ret
    80200a96:	6c9c                	ld	a5,24(s1)
    80200a98:	8522                	mv	a0,s0
    80200a9a:	85ca                	mv	a1,s2
    80200a9c:	864e                	mv	a2,s3
    80200a9e:	70a6                	ld	ra,104(sp)
    80200aa0:	7406                	ld	s0,96(sp)
    80200aa2:	64e6                	ld	s1,88(sp)
    80200aa4:	6946                	ld	s2,80(sp)
    80200aa6:	69a6                	ld	s3,72(sp)
    80200aa8:	6a06                	ld	s4,64(sp)
    80200aaa:	7ae2                	ld	s5,56(sp)
    80200aac:	7b42                	ld	s6,48(sp)
    80200aae:	7ba2                	ld	s7,40(sp)
    80200ab0:	7c02                	ld	s8,32(sp)
    80200ab2:	6ce2                	ld	s9,24(sp)
    80200ab4:	6d42                	ld	s10,16(sp)
    80200ab6:	6da2                	ld	s11,8(sp)
    80200ab8:	6165                	addi	sp,sp,112
    80200aba:	8782                	jr	a5
    80200abc:	034c2403          	lw	s0,52(s8)
    80200ac0:	03000513          	li	a0,48
    80200ac4:	038c4583          	lbu	a1,56(s8)
    80200ac8:	e02e                	sd	a1,0(sp)
    80200aca:	000c3d83          	ld	s11,0(s8)
    80200ace:	008c3483          	ld	s1,8(s8)
    80200ad2:	02ac2a23          	sw	a0,52(s8)
    80200ad6:	4b85                	li	s7,1
    80200ad8:	037c0c23          	sb	s7,56(s8)
    80200adc:	856e                	mv	a0,s11
    80200ade:	85a6                	mv	a1,s1
    80200ae0:	8656                	mv	a2,s5
    80200ae2:	86d2                	mv	a3,s4
    80200ae4:	875a                	mv	a4,s6
    80200ae6:	00000097          	auipc	ra,0x0
    80200aea:	0c4080e7          	jalr	196(ra) # 80200baa <_ZN4core3fmt9Formatter12pad_integral12write_prefix17h94560343c060f655E>
    80200aee:	f541                	bnez	a0,80200a76 <_ZN4core3fmt9Formatter12pad_integral17h2910eee1e3128085E+0xea>
    80200af0:	8a22                	mv	s4,s0
    80200af2:	419d0533          	sub	a0,s10,s9
    80200af6:	00150413          	addi	s0,a0,1
    80200afa:	147d                	addi	s0,s0,-1
    80200afc:	c449                	beqz	s0,80200b86 <_ZN4core3fmt9Formatter12pad_integral17h2910eee1e3128085E+0x1fa>
    80200afe:	7090                	ld	a2,32(s1)
    80200b00:	03000593          	li	a1,48
    80200b04:	856e                	mv	a0,s11
    80200b06:	9602                	jalr	a2
    80200b08:	d96d                	beqz	a0,80200afa <_ZN4core3fmt9Formatter12pad_integral17h2910eee1e3128085E+0x16e>
    80200b0a:	b7b5                	j	80200a76 <_ZN4core3fmt9Formatter12pad_integral17h2910eee1e3128085E+0xea>
    80200b0c:	8d2a                	mv	s10,a0
    80200b0e:	852e                	mv	a0,a1
    80200b10:	a031                	j	80200b1c <_ZN4core3fmt9Formatter12pad_integral17h2910eee1e3128085E+0x190>
    80200b12:	00150593          	addi	a1,a0,1
    80200b16:	8105                	srli	a0,a0,0x1
    80200b18:	0015dd13          	srli	s10,a1,0x1
    80200b1c:	000c3c83          	ld	s9,0(s8)
    80200b20:	008c3d83          	ld	s11,8(s8)
    80200b24:	034c2403          	lw	s0,52(s8)
    80200b28:	00150493          	addi	s1,a0,1
    80200b2c:	14fd                	addi	s1,s1,-1
    80200b2e:	c889                	beqz	s1,80200b40 <_ZN4core3fmt9Formatter12pad_integral17h2910eee1e3128085E+0x1b4>
    80200b30:	020db603          	ld	a2,32(s11)
    80200b34:	8566                	mv	a0,s9
    80200b36:	85a2                	mv	a1,s0
    80200b38:	9602                	jalr	a2
    80200b3a:	d96d                	beqz	a0,80200b2c <_ZN4core3fmt9Formatter12pad_integral17h2910eee1e3128085E+0x1a0>
    80200b3c:	4b85                	li	s7,1
    80200b3e:	bf25                	j	80200a76 <_ZN4core3fmt9Formatter12pad_integral17h2910eee1e3128085E+0xea>
    80200b40:	00110537          	lui	a0,0x110
    80200b44:	4b85                	li	s7,1
    80200b46:	f2a408e3          	beq	s0,a0,80200a76 <_ZN4core3fmt9Formatter12pad_integral17h2910eee1e3128085E+0xea>
    80200b4a:	8566                	mv	a0,s9
    80200b4c:	85ee                	mv	a1,s11
    80200b4e:	8656                	mv	a2,s5
    80200b50:	86d2                	mv	a3,s4
    80200b52:	875a                	mv	a4,s6
    80200b54:	00000097          	auipc	ra,0x0
    80200b58:	056080e7          	jalr	86(ra) # 80200baa <_ZN4core3fmt9Formatter12pad_integral12write_prefix17h94560343c060f655E>
    80200b5c:	fd09                	bnez	a0,80200a76 <_ZN4core3fmt9Formatter12pad_integral17h2910eee1e3128085E+0xea>
    80200b5e:	018db683          	ld	a3,24(s11)
    80200b62:	8566                	mv	a0,s9
    80200b64:	85ca                	mv	a1,s2
    80200b66:	864e                	mv	a2,s3
    80200b68:	9682                	jalr	a3
    80200b6a:	f511                	bnez	a0,80200a76 <_ZN4core3fmt9Formatter12pad_integral17h2910eee1e3128085E+0xea>
    80200b6c:	4481                	li	s1,0
    80200b6e:	029d0a63          	beq	s10,s1,80200ba2 <_ZN4core3fmt9Formatter12pad_integral17h2910eee1e3128085E+0x216>
    80200b72:	020db603          	ld	a2,32(s11)
    80200b76:	0485                	addi	s1,s1,1
    80200b78:	8566                	mv	a0,s9
    80200b7a:	85a2                	mv	a1,s0
    80200b7c:	9602                	jalr	a2
    80200b7e:	d965                	beqz	a0,80200b6e <_ZN4core3fmt9Formatter12pad_integral17h2910eee1e3128085E+0x1e2>
    80200b80:	fff48513          	addi	a0,s1,-1
    80200b84:	a005                	j	80200ba4 <_ZN4core3fmt9Formatter12pad_integral17h2910eee1e3128085E+0x218>
    80200b86:	6c94                	ld	a3,24(s1)
    80200b88:	856e                	mv	a0,s11
    80200b8a:	85ca                	mv	a1,s2
    80200b8c:	864e                	mv	a2,s3
    80200b8e:	9682                	jalr	a3
    80200b90:	ee0513e3          	bnez	a0,80200a76 <_ZN4core3fmt9Formatter12pad_integral17h2910eee1e3128085E+0xea>
    80200b94:	4b81                	li	s7,0
    80200b96:	034c2a23          	sw	s4,52(s8)
    80200b9a:	6502                	ld	a0,0(sp)
    80200b9c:	02ac0c23          	sb	a0,56(s8)
    80200ba0:	bdd9                	j	80200a76 <_ZN4core3fmt9Formatter12pad_integral17h2910eee1e3128085E+0xea>
    80200ba2:	856a                	mv	a0,s10
    80200ba4:	01a53bb3          	sltu	s7,a0,s10
    80200ba8:	b5f9                	j	80200a76 <_ZN4core3fmt9Formatter12pad_integral17h2910eee1e3128085E+0xea>

Disassembly of section .text._ZN4core3fmt9Formatter12pad_integral12write_prefix17h94560343c060f655E:

0000000080200baa <_ZN4core3fmt9Formatter12pad_integral12write_prefix17h94560343c060f655E>:
    80200baa:	7179                	addi	sp,sp,-48
    80200bac:	f406                	sd	ra,40(sp)
    80200bae:	f022                	sd	s0,32(sp)
    80200bb0:	ec26                	sd	s1,24(sp)
    80200bb2:	e84a                	sd	s2,16(sp)
    80200bb4:	e44e                	sd	s3,8(sp)
    80200bb6:	0006079b          	sext.w	a5,a2
    80200bba:	00110837          	lui	a6,0x110
    80200bbe:	893a                	mv	s2,a4
    80200bc0:	84b6                	mv	s1,a3
    80200bc2:	842e                	mv	s0,a1
    80200bc4:	89aa                	mv	s3,a0
    80200bc6:	01078963          	beq	a5,a6,80200bd8 <_ZN4core3fmt9Formatter12pad_integral12write_prefix17h94560343c060f655E+0x2e>
    80200bca:	7014                	ld	a3,32(s0)
    80200bcc:	854e                	mv	a0,s3
    80200bce:	85b2                	mv	a1,a2
    80200bd0:	9682                	jalr	a3
    80200bd2:	85aa                	mv	a1,a0
    80200bd4:	4505                	li	a0,1
    80200bd6:	ed91                	bnez	a1,80200bf2 <_ZN4core3fmt9Formatter12pad_integral12write_prefix17h94560343c060f655E+0x48>
    80200bd8:	cc81                	beqz	s1,80200bf0 <_ZN4core3fmt9Formatter12pad_integral12write_prefix17h94560343c060f655E+0x46>
    80200bda:	6c1c                	ld	a5,24(s0)
    80200bdc:	854e                	mv	a0,s3
    80200bde:	85a6                	mv	a1,s1
    80200be0:	864a                	mv	a2,s2
    80200be2:	70a2                	ld	ra,40(sp)
    80200be4:	7402                	ld	s0,32(sp)
    80200be6:	64e2                	ld	s1,24(sp)
    80200be8:	6942                	ld	s2,16(sp)
    80200bea:	69a2                	ld	s3,8(sp)
    80200bec:	6145                	addi	sp,sp,48
    80200bee:	8782                	jr	a5
    80200bf0:	4501                	li	a0,0
    80200bf2:	70a2                	ld	ra,40(sp)
    80200bf4:	7402                	ld	s0,32(sp)
    80200bf6:	64e2                	ld	s1,24(sp)
    80200bf8:	6942                	ld	s2,16(sp)
    80200bfa:	69a2                	ld	s3,8(sp)
    80200bfc:	6145                	addi	sp,sp,48
    80200bfe:	8082                	ret

Disassembly of section .text._ZN4core3fmt9Formatter3pad17h4bb521065e6665e9E:

0000000080200c00 <_ZN4core3fmt9Formatter3pad17h4bb521065e6665e9E>:
    80200c00:	715d                	addi	sp,sp,-80
    80200c02:	e486                	sd	ra,72(sp)
    80200c04:	e0a2                	sd	s0,64(sp)
    80200c06:	fc26                	sd	s1,56(sp)
    80200c08:	f84a                	sd	s2,48(sp)
    80200c0a:	f44e                	sd	s3,40(sp)
    80200c0c:	f052                	sd	s4,32(sp)
    80200c0e:	ec56                	sd	s5,24(sp)
    80200c10:	e85a                	sd	s6,16(sp)
    80200c12:	e45e                	sd	s7,8(sp)
    80200c14:	8a2a                	mv	s4,a0
    80200c16:	01053283          	ld	t0,16(a0) # 110010 <.Lline_table_start0+0xe8dff>
    80200c1a:	7108                	ld	a0,32(a0)
    80200c1c:	fff28693          	addi	a3,t0,-1 # 10ffff <.Lline_table_start0+0xe8dee>
    80200c20:	00d036b3          	snez	a3,a3
    80200c24:	fff50713          	addi	a4,a0,-1
    80200c28:	00e03733          	snez	a4,a4
    80200c2c:	8ef9                	and	a3,a3,a4
    80200c2e:	89b2                	mv	s3,a2
    80200c30:	892e                	mv	s2,a1
    80200c32:	16069d63          	bnez	a3,80200dac <_ZN4core3fmt9Formatter3pad17h4bb521065e6665e9E+0x1ac>
    80200c36:	4585                	li	a1,1
    80200c38:	10b51863          	bne	a0,a1,80200d48 <_ZN4core3fmt9Formatter3pad17h4bb521065e6665e9E+0x148>
    80200c3c:	028a3503          	ld	a0,40(s4)
    80200c40:	4581                	li	a1,0
    80200c42:	013906b3          	add	a3,s2,s3
    80200c46:	00150713          	addi	a4,a0,1
    80200c4a:	00110337          	lui	t1,0x110
    80200c4e:	0df00893          	li	a7,223
    80200c52:	0f000813          	li	a6,240
    80200c56:	864a                	mv	a2,s2
    80200c58:	a801                	j	80200c68 <_ZN4core3fmt9Formatter3pad17h4bb521065e6665e9E+0x68>
    80200c5a:	00160513          	addi	a0,a2,1
    80200c5e:	8d91                	sub	a1,a1,a2
    80200c60:	95aa                	add	a1,a1,a0
    80200c62:	862a                	mv	a2,a0
    80200c64:	0e640263          	beq	s0,t1,80200d48 <_ZN4core3fmt9Formatter3pad17h4bb521065e6665e9E+0x148>
    80200c68:	177d                	addi	a4,a4,-1
    80200c6a:	c725                	beqz	a4,80200cd2 <_ZN4core3fmt9Formatter3pad17h4bb521065e6665e9E+0xd2>
    80200c6c:	0cd60e63          	beq	a2,a3,80200d48 <_ZN4core3fmt9Formatter3pad17h4bb521065e6665e9E+0x148>
    80200c70:	00060503          	lb	a0,0(a2)
    80200c74:	0ff57413          	zext.b	s0,a0
    80200c78:	fe0551e3          	bgez	a0,80200c5a <_ZN4core3fmt9Formatter3pad17h4bb521065e6665e9E+0x5a>
    80200c7c:	00164503          	lbu	a0,1(a2)
    80200c80:	01f47793          	andi	a5,s0,31
    80200c84:	03f57493          	andi	s1,a0,63
    80200c88:	0288f963          	bgeu	a7,s0,80200cba <_ZN4core3fmt9Formatter3pad17h4bb521065e6665e9E+0xba>
    80200c8c:	00264503          	lbu	a0,2(a2)
    80200c90:	049a                	slli	s1,s1,0x6
    80200c92:	03f57513          	andi	a0,a0,63
    80200c96:	8cc9                	or	s1,s1,a0
    80200c98:	03046763          	bltu	s0,a6,80200cc6 <_ZN4core3fmt9Formatter3pad17h4bb521065e6665e9E+0xc6>
    80200c9c:	00364503          	lbu	a0,3(a2)
    80200ca0:	17f6                	slli	a5,a5,0x3d
    80200ca2:	93ad                	srli	a5,a5,0x2b
    80200ca4:	049a                	slli	s1,s1,0x6
    80200ca6:	03f57513          	andi	a0,a0,63
    80200caa:	8d45                	or	a0,a0,s1
    80200cac:	00f56433          	or	s0,a0,a5
    80200cb0:	08640c63          	beq	s0,t1,80200d48 <_ZN4core3fmt9Formatter3pad17h4bb521065e6665e9E+0x148>
    80200cb4:	00460513          	addi	a0,a2,4
    80200cb8:	b75d                	j	80200c5e <_ZN4core3fmt9Formatter3pad17h4bb521065e6665e9E+0x5e>
    80200cba:	00260513          	addi	a0,a2,2
    80200cbe:	079a                	slli	a5,a5,0x6
    80200cc0:	0097e433          	or	s0,a5,s1
    80200cc4:	bf69                	j	80200c5e <_ZN4core3fmt9Formatter3pad17h4bb521065e6665e9E+0x5e>
    80200cc6:	00360513          	addi	a0,a2,3
    80200cca:	07b2                	slli	a5,a5,0xc
    80200ccc:	00f4e433          	or	s0,s1,a5
    80200cd0:	b779                	j	80200c5e <_ZN4core3fmt9Formatter3pad17h4bb521065e6665e9E+0x5e>
    80200cd2:	06d60b63          	beq	a2,a3,80200d48 <_ZN4core3fmt9Formatter3pad17h4bb521065e6665e9E+0x148>
    80200cd6:	00060503          	lb	a0,0(a2)
    80200cda:	04055363          	bgez	a0,80200d20 <_ZN4core3fmt9Formatter3pad17h4bb521065e6665e9E+0x120>
    80200cde:	0ff57513          	zext.b	a0,a0
    80200ce2:	0e000693          	li	a3,224
    80200ce6:	02d56d63          	bltu	a0,a3,80200d20 <_ZN4core3fmt9Formatter3pad17h4bb521065e6665e9E+0x120>
    80200cea:	0f000693          	li	a3,240
    80200cee:	02d56963          	bltu	a0,a3,80200d20 <_ZN4core3fmt9Formatter3pad17h4bb521065e6665e9E+0x120>
    80200cf2:	00164683          	lbu	a3,1(a2)
    80200cf6:	00264703          	lbu	a4,2(a2)
    80200cfa:	03f6f693          	andi	a3,a3,63
    80200cfe:	03f77713          	andi	a4,a4,63
    80200d02:	00364603          	lbu	a2,3(a2)
    80200d06:	1576                	slli	a0,a0,0x3d
    80200d08:	912d                	srli	a0,a0,0x2b
    80200d0a:	06b2                	slli	a3,a3,0xc
    80200d0c:	071a                	slli	a4,a4,0x6
    80200d0e:	8ed9                	or	a3,a3,a4
    80200d10:	03f67613          	andi	a2,a2,63
    80200d14:	8e55                	or	a2,a2,a3
    80200d16:	8d51                	or	a0,a0,a2
    80200d18:	00110637          	lui	a2,0x110
    80200d1c:	02c50663          	beq	a0,a2,80200d48 <_ZN4core3fmt9Formatter3pad17h4bb521065e6665e9E+0x148>
    80200d20:	c185                	beqz	a1,80200d40 <_ZN4core3fmt9Formatter3pad17h4bb521065e6665e9E+0x140>
    80200d22:	0135fd63          	bgeu	a1,s3,80200d3c <_ZN4core3fmt9Formatter3pad17h4bb521065e6665e9E+0x13c>
    80200d26:	00b90533          	add	a0,s2,a1
    80200d2a:	00050503          	lb	a0,0(a0)
    80200d2e:	fc000613          	li	a2,-64
    80200d32:	00c55763          	bge	a0,a2,80200d40 <_ZN4core3fmt9Formatter3pad17h4bb521065e6665e9E+0x140>
    80200d36:	4501                	li	a0,0
    80200d38:	e511                	bnez	a0,80200d44 <_ZN4core3fmt9Formatter3pad17h4bb521065e6665e9E+0x144>
    80200d3a:	a039                	j	80200d48 <_ZN4core3fmt9Formatter3pad17h4bb521065e6665e9E+0x148>
    80200d3c:	ff359de3          	bne	a1,s3,80200d36 <_ZN4core3fmt9Formatter3pad17h4bb521065e6665e9E+0x136>
    80200d40:	854a                	mv	a0,s2
    80200d42:	c119                	beqz	a0,80200d48 <_ZN4core3fmt9Formatter3pad17h4bb521065e6665e9E+0x148>
    80200d44:	89ae                	mv	s3,a1
    80200d46:	892a                	mv	s2,a0
    80200d48:	06028263          	beqz	t0,80200dac <_ZN4core3fmt9Formatter3pad17h4bb521065e6665e9E+0x1ac>
    80200d4c:	018a3403          	ld	s0,24(s4)
    80200d50:	02000513          	li	a0,32
    80200d54:	04a9f463          	bgeu	s3,a0,80200d9c <_ZN4core3fmt9Formatter3pad17h4bb521065e6665e9E+0x19c>
    80200d58:	4501                	li	a0,0
    80200d5a:	00098e63          	beqz	s3,80200d76 <_ZN4core3fmt9Formatter3pad17h4bb521065e6665e9E+0x176>
    80200d5e:	85ce                	mv	a1,s3
    80200d60:	864a                	mv	a2,s2
    80200d62:	00060683          	lb	a3,0(a2) # 110000 <.Lline_table_start0+0xe8def>
    80200d66:	0605                	addi	a2,a2,1
    80200d68:	fc06a693          	slti	a3,a3,-64
    80200d6c:	0016c693          	xori	a3,a3,1
    80200d70:	15fd                	addi	a1,a1,-1
    80200d72:	9536                	add	a0,a0,a3
    80200d74:	f5fd                	bnez	a1,80200d62 <_ZN4core3fmt9Formatter3pad17h4bb521065e6665e9E+0x162>
    80200d76:	02857b63          	bgeu	a0,s0,80200dac <_ZN4core3fmt9Formatter3pad17h4bb521065e6665e9E+0x1ac>
    80200d7a:	038a4583          	lbu	a1,56(s4)
    80200d7e:	468d                	li	a3,3
    80200d80:	4601                	li	a2,0
    80200d82:	00d58363          	beq	a1,a3,80200d88 <_ZN4core3fmt9Formatter3pad17h4bb521065e6665e9E+0x188>
    80200d86:	862e                	mv	a2,a1
    80200d88:	00367593          	andi	a1,a2,3
    80200d8c:	40a40533          	sub	a0,s0,a0
    80200d90:	c1a1                	beqz	a1,80200dd0 <_ZN4core3fmt9Formatter3pad17h4bb521065e6665e9E+0x1d0>
    80200d92:	4605                	li	a2,1
    80200d94:	04c59163          	bne	a1,a2,80200dd6 <_ZN4core3fmt9Formatter3pad17h4bb521065e6665e9E+0x1d6>
    80200d98:	4a81                	li	s5,0
    80200d9a:	a099                	j	80200de0 <_ZN4core3fmt9Formatter3pad17h4bb521065e6665e9E+0x1e0>
    80200d9c:	854a                	mv	a0,s2
    80200d9e:	85ce                	mv	a1,s3
    80200da0:	00000097          	auipc	ra,0x0
    80200da4:	0c4080e7          	jalr	196(ra) # 80200e64 <_ZN4core3str5count14do_count_chars17h75bffc8ce7e643c7E>
    80200da8:	fc8569e3          	bltu	a0,s0,80200d7a <_ZN4core3fmt9Formatter3pad17h4bb521065e6665e9E+0x17a>
    80200dac:	008a3583          	ld	a1,8(s4)
    80200db0:	000a3503          	ld	a0,0(s4)
    80200db4:	6d9c                	ld	a5,24(a1)
    80200db6:	85ca                	mv	a1,s2
    80200db8:	864e                	mv	a2,s3
    80200dba:	60a6                	ld	ra,72(sp)
    80200dbc:	6406                	ld	s0,64(sp)
    80200dbe:	74e2                	ld	s1,56(sp)
    80200dc0:	7942                	ld	s2,48(sp)
    80200dc2:	79a2                	ld	s3,40(sp)
    80200dc4:	7a02                	ld	s4,32(sp)
    80200dc6:	6ae2                	ld	s5,24(sp)
    80200dc8:	6b42                	ld	s6,16(sp)
    80200dca:	6ba2                	ld	s7,8(sp)
    80200dcc:	6161                	addi	sp,sp,80
    80200dce:	8782                	jr	a5
    80200dd0:	8aaa                	mv	s5,a0
    80200dd2:	852e                	mv	a0,a1
    80200dd4:	a031                	j	80200de0 <_ZN4core3fmt9Formatter3pad17h4bb521065e6665e9E+0x1e0>
    80200dd6:	00150593          	addi	a1,a0,1
    80200dda:	8105                	srli	a0,a0,0x1
    80200ddc:	0015da93          	srli	s5,a1,0x1
    80200de0:	000a3b03          	ld	s6,0(s4)
    80200de4:	008a3b83          	ld	s7,8(s4)
    80200de8:	034a2483          	lw	s1,52(s4)
    80200dec:	00150413          	addi	s0,a0,1
    80200df0:	147d                	addi	s0,s0,-1
    80200df2:	c809                	beqz	s0,80200e04 <_ZN4core3fmt9Formatter3pad17h4bb521065e6665e9E+0x204>
    80200df4:	020bb603          	ld	a2,32(s7)
    80200df8:	855a                	mv	a0,s6
    80200dfa:	85a6                	mv	a1,s1
    80200dfc:	9602                	jalr	a2
    80200dfe:	d96d                	beqz	a0,80200df0 <_ZN4core3fmt9Formatter3pad17h4bb521065e6665e9E+0x1f0>
    80200e00:	4a05                	li	s4,1
    80200e02:	a82d                	j	80200e3c <_ZN4core3fmt9Formatter3pad17h4bb521065e6665e9E+0x23c>
    80200e04:	00110537          	lui	a0,0x110
    80200e08:	4a05                	li	s4,1
    80200e0a:	02a48963          	beq	s1,a0,80200e3c <_ZN4core3fmt9Formatter3pad17h4bb521065e6665e9E+0x23c>
    80200e0e:	018bb683          	ld	a3,24(s7)
    80200e12:	855a                	mv	a0,s6
    80200e14:	85ca                	mv	a1,s2
    80200e16:	864e                	mv	a2,s3
    80200e18:	9682                	jalr	a3
    80200e1a:	e10d                	bnez	a0,80200e3c <_ZN4core3fmt9Formatter3pad17h4bb521065e6665e9E+0x23c>
    80200e1c:	4401                	li	s0,0
    80200e1e:	008a8c63          	beq	s5,s0,80200e36 <_ZN4core3fmt9Formatter3pad17h4bb521065e6665e9E+0x236>
    80200e22:	020bb603          	ld	a2,32(s7)
    80200e26:	0405                	addi	s0,s0,1
    80200e28:	855a                	mv	a0,s6
    80200e2a:	85a6                	mv	a1,s1
    80200e2c:	9602                	jalr	a2
    80200e2e:	d965                	beqz	a0,80200e1e <_ZN4core3fmt9Formatter3pad17h4bb521065e6665e9E+0x21e>
    80200e30:	fff40513          	addi	a0,s0,-1
    80200e34:	a011                	j	80200e38 <_ZN4core3fmt9Formatter3pad17h4bb521065e6665e9E+0x238>
    80200e36:	8556                	mv	a0,s5
    80200e38:	01553a33          	sltu	s4,a0,s5
    80200e3c:	8552                	mv	a0,s4
    80200e3e:	60a6                	ld	ra,72(sp)
    80200e40:	6406                	ld	s0,64(sp)
    80200e42:	74e2                	ld	s1,56(sp)
    80200e44:	7942                	ld	s2,48(sp)
    80200e46:	79a2                	ld	s3,40(sp)
    80200e48:	7a02                	ld	s4,32(sp)
    80200e4a:	6ae2                	ld	s5,24(sp)
    80200e4c:	6b42                	ld	s6,16(sp)
    80200e4e:	6ba2                	ld	s7,8(sp)
    80200e50:	6161                	addi	sp,sp,80
    80200e52:	8082                	ret

Disassembly of section .text._ZN42_$LT$str$u20$as$u20$core..fmt..Display$GT$3fmt17h8884fddb1f24a834E:

0000000080200e54 <_ZN42_$LT$str$u20$as$u20$core..fmt..Display$GT$3fmt17h8884fddb1f24a834E>:
    80200e54:	86ae                	mv	a3,a1
    80200e56:	85aa                	mv	a1,a0
    80200e58:	8532                	mv	a0,a2
    80200e5a:	8636                	mv	a2,a3
    80200e5c:	00000317          	auipc	t1,0x0
    80200e60:	da430067          	jr	-604(t1) # 80200c00 <_ZN4core3fmt9Formatter3pad17h4bb521065e6665e9E>

Disassembly of section .text._ZN4core3str5count14do_count_chars17h75bffc8ce7e643c7E:

0000000080200e64 <_ZN4core3str5count14do_count_chars17h75bffc8ce7e643c7E>:
    80200e64:	862a                	mv	a2,a0
    80200e66:	051d                	addi	a0,a0,7 # 110007 <.Lline_table_start0+0xe8df6>
    80200e68:	ff857713          	andi	a4,a0,-8
    80200e6c:	40c708b3          	sub	a7,a4,a2
    80200e70:	0115ec63          	bltu	a1,a7,80200e88 <_ZN4core3str5count14do_count_chars17h75bffc8ce7e643c7E+0x24>
    80200e74:	41158833          	sub	a6,a1,a7
    80200e78:	00883513          	sltiu	a0,a6,8
    80200e7c:	0098b793          	sltiu	a5,a7,9
    80200e80:	0017c793          	xori	a5,a5,1
    80200e84:	8d5d                	or	a0,a0,a5
    80200e86:	cd11                	beqz	a0,80200ea2 <_ZN4core3str5count14do_count_chars17h75bffc8ce7e643c7E+0x3e>
    80200e88:	4501                	li	a0,0
    80200e8a:	c999                	beqz	a1,80200ea0 <_ZN4core3str5count14do_count_chars17h75bffc8ce7e643c7E+0x3c>
    80200e8c:	00060683          	lb	a3,0(a2)
    80200e90:	0605                	addi	a2,a2,1
    80200e92:	fc06a693          	slti	a3,a3,-64
    80200e96:	0016c693          	xori	a3,a3,1
    80200e9a:	15fd                	addi	a1,a1,-1
    80200e9c:	9536                	add	a0,a0,a3
    80200e9e:	f5fd                	bnez	a1,80200e8c <_ZN4core3str5count14do_count_chars17h75bffc8ce7e643c7E+0x28>
    80200ea0:	8082                	ret
    80200ea2:	00787593          	andi	a1,a6,7
    80200ea6:	4781                	li	a5,0
    80200ea8:	00c70f63          	beq	a4,a2,80200ec6 <_ZN4core3str5count14do_count_chars17h75bffc8ce7e643c7E+0x62>
    80200eac:	40e60733          	sub	a4,a2,a4
    80200eb0:	8532                	mv	a0,a2
    80200eb2:	00050683          	lb	a3,0(a0)
    80200eb6:	0505                	addi	a0,a0,1
    80200eb8:	fc06a693          	slti	a3,a3,-64
    80200ebc:	0016c693          	xori	a3,a3,1
    80200ec0:	0705                	addi	a4,a4,1
    80200ec2:	97b6                	add	a5,a5,a3
    80200ec4:	f77d                	bnez	a4,80200eb2 <_ZN4core3str5count14do_count_chars17h75bffc8ce7e643c7E+0x4e>
    80200ec6:	011602b3          	add	t0,a2,a7
    80200eca:	4601                	li	a2,0
    80200ecc:	cd99                	beqz	a1,80200eea <_ZN4core3str5count14do_count_chars17h75bffc8ce7e643c7E+0x86>
    80200ece:	ff887513          	andi	a0,a6,-8
    80200ed2:	00a286b3          	add	a3,t0,a0
    80200ed6:	00068503          	lb	a0,0(a3)
    80200eda:	0685                	addi	a3,a3,1
    80200edc:	fc052513          	slti	a0,a0,-64
    80200ee0:	00154513          	xori	a0,a0,1
    80200ee4:	15fd                	addi	a1,a1,-1
    80200ee6:	962a                	add	a2,a2,a0
    80200ee8:	f5fd                	bnez	a1,80200ed6 <_ZN4core3str5count14do_count_chars17h75bffc8ce7e643c7E+0x72>
    80200eea:	00385713          	srli	a4,a6,0x3

0000000080200eee <.LBB290_27>:
    80200eee:	00000517          	auipc	a0,0x0
    80200ef2:	49250513          	addi	a0,a0,1170 # 80201380 <.LCPI290_0>
    80200ef6:	00053f03          	ld	t5,0(a0)

0000000080200efa <.LBB290_28>:
    80200efa:	00000517          	auipc	a0,0x0
    80200efe:	48e50513          	addi	a0,a0,1166 # 80201388 <.LCPI290_1>
    80200f02:	00053883          	ld	a7,0(a0)
    80200f06:	10001537          	lui	a0,0x10001
    80200f0a:	0512                	slli	a0,a0,0x4
    80200f0c:	0505                	addi	a0,a0,1 # 10001001 <.Lline_table_start0+0xffd9df0>
    80200f0e:	0542                	slli	a0,a0,0x10
    80200f10:	00150813          	addi	a6,a0,1
    80200f14:	00f60533          	add	a0,a2,a5
    80200f18:	a025                	j	80200f40 <.LBB290_28+0x46>
    80200f1a:	003e1613          	slli	a2,t3,0x3
    80200f1e:	00c302b3          	add	t0,t1,a2
    80200f22:	41c38733          	sub	a4,t2,t3
    80200f26:	003e7613          	andi	a2,t3,3
    80200f2a:	0115f6b3          	and	a3,a1,a7
    80200f2e:	81a1                	srli	a1,a1,0x8
    80200f30:	0115f5b3          	and	a1,a1,a7
    80200f34:	95b6                	add	a1,a1,a3
    80200f36:	030585b3          	mul	a1,a1,a6
    80200f3a:	91c1                	srli	a1,a1,0x30
    80200f3c:	952e                	add	a0,a0,a1
    80200f3e:	e241                	bnez	a2,80200fbe <.LBB290_28+0xc4>
    80200f40:	d325                	beqz	a4,80200ea0 <_ZN4core3str5count14do_count_chars17h75bffc8ce7e643c7E+0x3c>
    80200f42:	83ba                	mv	t2,a4
    80200f44:	8316                	mv	t1,t0
    80200f46:	0c000593          	li	a1,192
    80200f4a:	8e3a                	mv	t3,a4
    80200f4c:	00b76463          	bltu	a4,a1,80200f54 <.LBB290_28+0x5a>
    80200f50:	0c000e13          	li	t3,192
    80200f54:	0fce7593          	andi	a1,t3,252
    80200f58:	00359613          	slli	a2,a1,0x3
    80200f5c:	00c30eb3          	add	t4,t1,a2
    80200f60:	ddcd                	beqz	a1,80200f1a <.LBB290_28+0x20>
    80200f62:	4581                	li	a1,0
    80200f64:	861a                	mv	a2,t1
    80200f66:	da55                	beqz	a2,80200f1a <.LBB290_28+0x20>
    80200f68:	6218                	ld	a4,0(a2)
    80200f6a:	fff74793          	not	a5,a4
    80200f6e:	839d                	srli	a5,a5,0x7
    80200f70:	8319                	srli	a4,a4,0x6
    80200f72:	6614                	ld	a3,8(a2)
    80200f74:	8f5d                	or	a4,a4,a5
    80200f76:	01e77733          	and	a4,a4,t5
    80200f7a:	95ba                	add	a1,a1,a4
    80200f7c:	fff6c713          	not	a4,a3
    80200f80:	831d                	srli	a4,a4,0x7
    80200f82:	8299                	srli	a3,a3,0x6
    80200f84:	6a1c                	ld	a5,16(a2)
    80200f86:	8ed9                	or	a3,a3,a4
    80200f88:	01e6f6b3          	and	a3,a3,t5
    80200f8c:	95b6                	add	a1,a1,a3
    80200f8e:	fff7c693          	not	a3,a5
    80200f92:	829d                	srli	a3,a3,0x7
    80200f94:	0067d713          	srli	a4,a5,0x6
    80200f98:	6e1c                	ld	a5,24(a2)
    80200f9a:	8ed9                	or	a3,a3,a4
    80200f9c:	01e6f6b3          	and	a3,a3,t5
    80200fa0:	95b6                	add	a1,a1,a3
    80200fa2:	fff7c693          	not	a3,a5
    80200fa6:	829d                	srli	a3,a3,0x7
    80200fa8:	0067d713          	srli	a4,a5,0x6
    80200fac:	8ed9                	or	a3,a3,a4
    80200fae:	01e6f6b3          	and	a3,a3,t5
    80200fb2:	02060613          	addi	a2,a2,32
    80200fb6:	95b6                	add	a1,a1,a3
    80200fb8:	fbd617e3          	bne	a2,t4,80200f66 <.LBB290_28+0x6c>
    80200fbc:	bfb9                	j	80200f1a <.LBB290_28+0x20>
    80200fbe:	02030a63          	beqz	t1,80200ff2 <.LBB290_28+0xf8>
    80200fc2:	0c000593          	li	a1,192
    80200fc6:	00b3e463          	bltu	t2,a1,80200fce <.LBB290_28+0xd4>
    80200fca:	0c000393          	li	t2,192
    80200fce:	4581                	li	a1,0
    80200fd0:	0033f613          	andi	a2,t2,3
    80200fd4:	060e                	slli	a2,a2,0x3
    80200fd6:	000eb683          	ld	a3,0(t4)
    80200fda:	0ea1                	addi	t4,t4,8
    80200fdc:	fff6c713          	not	a4,a3
    80200fe0:	831d                	srli	a4,a4,0x7
    80200fe2:	8299                	srli	a3,a3,0x6
    80200fe4:	8ed9                	or	a3,a3,a4
    80200fe6:	01e6f6b3          	and	a3,a3,t5
    80200fea:	1661                	addi	a2,a2,-8
    80200fec:	95b6                	add	a1,a1,a3
    80200fee:	f665                	bnez	a2,80200fd6 <.LBB290_28+0xdc>
    80200ff0:	a011                	j	80200ff4 <.LBB290_28+0xfa>
    80200ff2:	4581                	li	a1,0
    80200ff4:	0115f633          	and	a2,a1,a7
    80200ff8:	81a1                	srli	a1,a1,0x8
    80200ffa:	0115f5b3          	and	a1,a1,a7
    80200ffe:	95b2                	add	a1,a1,a2
    80201000:	030585b3          	mul	a1,a1,a6
    80201004:	91c1                	srli	a1,a1,0x30
    80201006:	952e                	add	a0,a0,a1
    80201008:	8082                	ret

Disassembly of section .text._ZN4core3fmt3num3imp7fmt_u6417h2bebad4dea13b624E:

000000008020100a <_ZN4core3fmt3num3imp7fmt_u6417h2bebad4dea13b624E>:
    8020100a:	7139                	addi	sp,sp,-64
    8020100c:	fc06                	sd	ra,56(sp)
    8020100e:	f822                	sd	s0,48(sp)
    80201010:	f426                	sd	s1,40(sp)
    80201012:	8832                	mv	a6,a2
    80201014:	00455693          	srli	a3,a0,0x4
    80201018:	02700713          	li	a4,39
    8020101c:	27100793          	li	a5,625

0000000080201020 <.LBB570_10>:
    80201020:	00000e97          	auipc	t4,0x0
    80201024:	728e8e93          	addi	t4,t4,1832 # 80201748 <.Lanon.5d7b72655c03d3be6c233dc0a6aa27b8.287>
    80201028:	02f6f363          	bgeu	a3,a5,8020104e <.LBB570_10+0x2e>
    8020102c:	06300693          	li	a3,99
    80201030:	0aa6e963          	bltu	a3,a0,802010e2 <.LBB570_11+0x92>
    80201034:	4629                	li	a2,10
    80201036:	0ec57763          	bgeu	a0,a2,80201124 <.LBB570_11+0xd4>
    8020103a:	fff70693          	addi	a3,a4,-1
    8020103e:	00110613          	addi	a2,sp,1
    80201042:	9636                	add	a2,a2,a3
    80201044:	0305051b          	addiw	a0,a0,48
    80201048:	00a60023          	sb	a0,0(a2)
    8020104c:	a8dd                	j	80201142 <.LBB570_11+0xf2>
    8020104e:	4701                	li	a4,0

0000000080201050 <.LBB570_11>:
    80201050:	00000697          	auipc	a3,0x0
    80201054:	3a068693          	addi	a3,a3,928 # 802013f0 <.LCPI570_0>
    80201058:	0006b883          	ld	a7,0(a3)
    8020105c:	6689                	lui	a3,0x2
    8020105e:	7106839b          	addiw	t2,a3,1808 # 2710 <n+0x26f0>
    80201062:	6685                	lui	a3,0x1
    80201064:	47b68e1b          	addiw	t3,a3,1147 # 147b <n+0x145b>
    80201068:	06400293          	li	t0,100
    8020106c:	00110313          	addi	t1,sp,1
    80201070:	05f5e6b7          	lui	a3,0x5f5e
    80201074:	0ff68f1b          	addiw	t5,a3,255 # 5f5e0ff <.Lline_table_start0+0x5f36eee>
    80201078:	87aa                	mv	a5,a0
    8020107a:	03153533          	mulhu	a0,a0,a7
    8020107e:	812d                	srli	a0,a0,0xb
    80201080:	0275063b          	mulw	a2,a0,t2
    80201084:	40c7863b          	subw	a2,a5,a2
    80201088:	03061693          	slli	a3,a2,0x30
    8020108c:	92c9                	srli	a3,a3,0x32
    8020108e:	03c686b3          	mul	a3,a3,t3
    80201092:	0116df93          	srli	t6,a3,0x11
    80201096:	82c1                	srli	a3,a3,0x10
    80201098:	7fe6f413          	andi	s0,a3,2046
    8020109c:	025f86bb          	mulw	a3,t6,t0
    802010a0:	9e15                	subw	a2,a2,a3
    802010a2:	1646                	slli	a2,a2,0x31
    802010a4:	9241                	srli	a2,a2,0x30
    802010a6:	008e86b3          	add	a3,t4,s0
    802010aa:	00e30433          	add	s0,t1,a4
    802010ae:	0006cf83          	lbu	t6,0(a3)
    802010b2:	00168683          	lb	a3,1(a3)
    802010b6:	9676                	add	a2,a2,t4
    802010b8:	00160483          	lb	s1,1(a2)
    802010bc:	00064603          	lbu	a2,0(a2)
    802010c0:	02d40223          	sb	a3,36(s0)
    802010c4:	03f401a3          	sb	t6,35(s0)
    802010c8:	02940323          	sb	s1,38(s0)
    802010cc:	02c402a3          	sb	a2,37(s0)
    802010d0:	1771                	addi	a4,a4,-4
    802010d2:	faff63e3          	bltu	t5,a5,80201078 <.LBB570_11+0x28>
    802010d6:	02770713          	addi	a4,a4,39
    802010da:	06300693          	li	a3,99
    802010de:	f4a6fbe3          	bgeu	a3,a0,80201034 <.LBB570_10+0x14>
    802010e2:	03051613          	slli	a2,a0,0x30
    802010e6:	9249                	srli	a2,a2,0x32
    802010e8:	6685                	lui	a3,0x1
    802010ea:	47b6869b          	addiw	a3,a3,1147 # 147b <n+0x145b>
    802010ee:	02d60633          	mul	a2,a2,a3
    802010f2:	8245                	srli	a2,a2,0x11
    802010f4:	06400693          	li	a3,100
    802010f8:	02d606bb          	mulw	a3,a2,a3
    802010fc:	9d15                	subw	a0,a0,a3
    802010fe:	1546                	slli	a0,a0,0x31
    80201100:	9141                	srli	a0,a0,0x30
    80201102:	1779                	addi	a4,a4,-2
    80201104:	9576                	add	a0,a0,t4
    80201106:	00150683          	lb	a3,1(a0)
    8020110a:	00054503          	lbu	a0,0(a0)
    8020110e:	00110793          	addi	a5,sp,1
    80201112:	97ba                	add	a5,a5,a4
    80201114:	00d780a3          	sb	a3,1(a5) # 40000001 <.Lline_table_start0+0x3ffd8df0>
    80201118:	00a78023          	sb	a0,0(a5)
    8020111c:	8532                	mv	a0,a2
    8020111e:	4629                	li	a2,10
    80201120:	f0c56de3          	bltu	a0,a2,8020103a <.LBB570_10+0x1a>
    80201124:	0506                	slli	a0,a0,0x1
    80201126:	ffe70693          	addi	a3,a4,-2
    8020112a:	9576                	add	a0,a0,t4
    8020112c:	00150603          	lb	a2,1(a0)
    80201130:	00054503          	lbu	a0,0(a0)
    80201134:	00110713          	addi	a4,sp,1
    80201138:	9736                	add	a4,a4,a3
    8020113a:	00c700a3          	sb	a2,1(a4)
    8020113e:	00a70023          	sb	a0,0(a4)
    80201142:	00110513          	addi	a0,sp,1
    80201146:	00d50733          	add	a4,a0,a3
    8020114a:	02700513          	li	a0,39
    8020114e:	40d507b3          	sub	a5,a0,a3

0000000080201152 <.LBB570_12>:
    80201152:	00000617          	auipc	a2,0x0
    80201156:	5ae60613          	addi	a2,a2,1454 # 80201700 <.Lanon.5d7b72655c03d3be6c233dc0a6aa27b8.231>
    8020115a:	8542                	mv	a0,a6
    8020115c:	4681                	li	a3,0
    8020115e:	00000097          	auipc	ra,0x0
    80201162:	82e080e7          	jalr	-2002(ra) # 8020098c <_ZN4core3fmt9Formatter12pad_integral17h2910eee1e3128085E>
    80201166:	70e2                	ld	ra,56(sp)
    80201168:	7442                	ld	s0,48(sp)
    8020116a:	74a2                	ld	s1,40(sp)
    8020116c:	6121                	addi	sp,sp,64
    8020116e:	8082                	ret

Disassembly of section .text._ZN4core3fmt3num3imp51_$LT$impl$u20$core..fmt..Display$u20$for$u20$u8$GT$3fmt17h93332490606bba67E:

0000000080201170 <_ZN4core3fmt3num3imp51_$LT$impl$u20$core..fmt..Display$u20$for$u20$u8$GT$3fmt17h93332490606bba67E>:
    80201170:	00054503          	lbu	a0,0(a0)
    80201174:	862e                	mv	a2,a1
    80201176:	4585                	li	a1,1
    80201178:	00000317          	auipc	t1,0x0
    8020117c:	e9230067          	jr	-366(t1) # 8020100a <_ZN4core3fmt3num3imp7fmt_u6417h2bebad4dea13b624E>

Disassembly of section .text._ZN4core3fmt3num3imp52_$LT$impl$u20$core..fmt..Display$u20$for$u20$u32$GT$3fmt17h518678af98a1949fE:

0000000080201180 <_ZN4core3fmt3num3imp52_$LT$impl$u20$core..fmt..Display$u20$for$u20$u32$GT$3fmt17h518678af98a1949fE>:
    80201180:	00056503          	lwu	a0,0(a0)
    80201184:	862e                	mv	a2,a1
    80201186:	4585                	li	a1,1
    80201188:	00000317          	auipc	t1,0x0
    8020118c:	e8230067          	jr	-382(t1) # 8020100a <_ZN4core3fmt3num3imp7fmt_u6417h2bebad4dea13b624E>

Disassembly of section .text._ZN53_$LT$core..fmt..Error$u20$as$u20$core..fmt..Debug$GT$3fmt17h036960996838d966E:

0000000080201190 <_ZN53_$LT$core..fmt..Error$u20$as$u20$core..fmt..Debug$GT$3fmt17h036960996838d966E>:
    80201190:	6590                	ld	a2,8(a1)
    80201192:	6188                	ld	a0,0(a1)
    80201194:	6e1c                	ld	a5,24(a2)

0000000080201196 <.LBB602_1>:
    80201196:	00000597          	auipc	a1,0x0
    8020119a:	67a58593          	addi	a1,a1,1658 # 80201810 <.Lanon.5d7b72655c03d3be6c233dc0a6aa27b8.631>
    8020119e:	4615                	li	a2,5
    802011a0:	8782                	jr	a5

Disassembly of section .text._ZN42_$LT$$RF$T$u20$as$u20$core..fmt..Debug$GT$3fmt17hcb8bce5ca6b6d1baE:

00000000802011a2 <_ZN42_$LT$$RF$T$u20$as$u20$core..fmt..Debug$GT$3fmt17hcb8bce5ca6b6d1baE>:
    802011a2:	6510                	ld	a2,8(a0)
    802011a4:	6108                	ld	a0,0(a0)
    802011a6:	6e1c                	ld	a5,24(a2)
    802011a8:	8782                	jr	a5

Disassembly of section .text._ZN44_$LT$$RF$T$u20$as$u20$core..fmt..Display$GT$3fmt17hcf3c30afa59af89fE:

00000000802011aa <_ZN44_$LT$$RF$T$u20$as$u20$core..fmt..Display$GT$3fmt17hcf3c30afa59af89fE>:
    802011aa:	6114                	ld	a3,0(a0)
    802011ac:	6510                	ld	a2,8(a0)
    802011ae:	852e                	mv	a0,a1
    802011b0:	85b6                	mv	a1,a3
    802011b2:	00000317          	auipc	t1,0x0
    802011b6:	a4e30067          	jr	-1458(t1) # 80200c00 <_ZN4core3fmt9Formatter3pad17h4bb521065e6665e9E>
