#@make -C ../user build TEST=3 CHAPTER=3 BASE=1
qemu-system-riscv64 \
            -machine virt \
            -nographic \
            -bios ./bootloader/rustsbi-qemu.bin \
            -device loader,file=./target/riscv64gc-unknown-none-elf/release/sel4,addr=0x80200000
[rustsbi] RustSBI version 0.2.1, adapting to RISC-V SBI v0.3
.______       __    __      _______.___________.  _______..______   __
|   _  \     |  |  |  |    /       |           | /       ||   _  \ |  |
|  |_)  |    |  |  |  |   |   (----`---|  |----`|   (----`|  |_)  ||  |
|      /     |  |  |  |    \   \       |  |      \   \    |   _  < |  |
|  |\  \----.|  `--'  |.----)   |      |  |  .----)   |   |  |_)  ||  |
| _| `._____| \______/ |_______/       |__|  |_______/    |______/ |__|

[rustsbi] Implementation: RustSBI-QEMU Version 0.1.0
[rustsbi-dtb] Hart count: cluster0 with 1 cores
[rustsbi] misa: RV64ACDFIMSU
[rustsbi] mideleg: ssoft, stimer, sext (0x222)
[rustsbi] medeleg: ima, ia, bkpt, la, sa, uecall, ipage, lpage, spage (0xb1ab)
[rustsbi] pmp0: 0x10000000 ..= 0x10001fff (rw-)
rustsbi] pmp6: 0x2000000 ..= 0x200ffff (rw-)
[rustsbi] pmp12: 0xc000000 ..= 0xc3fffff (rw-)
[rustsbi] enter supervisor 0x80200000
[kernel] Hello, world!
i:0 , threadState:1
i:1 , threadState:0
[31[49m[kernel] Panicked at src/traps/mod.rs:107 Unsupported trap 9223372036854775813, stval = 0x0!
[0m